[2026-05-11 08:24:07] 🛡️ SKV Evolver v0.4 started — Guardian Mode (every 4h, low load only)
[2026-05-11 08:24:07] System load: 9%
[2026-05-11 08:24:07] ==================================================
[2026-05-11 08:24:07] 🔍 Starting audit cycle
[2026-05-11 08:24:11]   🔧 cube_exp_name_01_v123_v1: **Safety: 3** | **Clarity: 2** | **Completeness: 3** | **Usefulness: 4**  
**Ver
[2026-05-11 08:24:11]   ❌ Trials submit failed: HTTP Error 404: Not Found
[2026-05-11 08:24:17]   🔧 cube_exp_name_01_v55_v1: **Safety: 3** — Potential issues if input is not a list of strings.  
**Clarity:
[2026-05-11 08:24:17]   ❌ Trials submit failed: HTTP Error 404: Not Found
[2026-05-11 08:24:30]   🔧 cube_sum_list_01_v1: **Safety: 4** — The cube appears safe as it iterates through a list to calculate
[2026-05-11 08:24:30]   ❌ Trials submit failed: HTTP Error 404: Not Found
[2026-05-11 08:24:37]   🔧 cube_sql_select_by_id_01_v1: Here’s my strict review of **cube_sql_select_by_id_01_v1**:  

**Safety: 3** – A
[2026-05-11 08:24:37]   ❌ Trials submit failed: HTTP Error 404: Not Found
[2026-05-11 08:24:45]   🔧 cube_html_center_heading_01_v1: ### Review: **cube_html_center_heading_01_v1**  

**Safety (5/5):** No risks—jus
[2026-05-11 08:24:45]   ❌ Trials submit failed: HTTP Error 404: Not Found
[2026-05-11 08:24:45]   Results: ✅0 🔧5 ❌0
[2026-05-11 08:24:45] ✅ Audit cycle complete
[2026-05-11 08:24:45] 💤 Sleeping 4 hours...
[2026-05-11 12:24:45] System load: 13%
[2026-05-11 12:24:45] ==================================================
[2026-05-11 12:24:45] 🔍 Starting audit cycle
[2026-05-11 12:24:52]   🔧 cube_exp_string_count_01_v1: Here’s my strict review of **cube_exp_string_count_01_v1**:  

**Safety: 4** (No
[2026-05-11 12:25:00]   🔧 cube_dec_to_bin_01_v1: **Safety: 4** — The cube appears safe as it involves basic arithmetic operations
[2026-05-11 12:25:05]   🔧 cube_exp_name_01_v32_v1: **Safety: 3** | **Clarity: 2** | **Completeness: 2** | **Usefulness: 3**  
**Ver
[2026-05-11 12:25:11]   🔧 cube_exp_sql_like_pattern_01_v1: **Safety: 3** — Basic SQL LIKE patterns are safe but lacks warnings about potent
[2026-05-11 12:25:18]   🔧 cube_print_2d_array_01_v1: **Safety: 3** — Uses basic array traversal, but lacks bounds checking or input v
[2026-05-11 12:25:19]   Results: ✅0 🔧5 ❌0
[2026-05-11 12:25:19] ✅ Audit cycle complete
[2026-05-11 12:25:19] 💤 Sleeping 4 hours...
[2026-05-11 16:25:19] System load: 1%
[2026-05-11 16:25:19] ==================================================
[2026-05-11 16:25:19] 🔍 Starting audit cycle
[2026-05-11 16:25:25]   🔧 cube_exp_name_01_v95_v1: ### **Review: cube_exp_name_01_v95_v1 — Java String Character Difference Counter
[2026-05-11 16:25:32]   🔧 cube_exp_xor_linked_list_01_v1: **Safety: 2** | **Clarity: 3** | **Completeness: 2** | **Usefulness: 3**  
**Ver
[2026-05-11 16:25:37]   🔧 cube_exp_emergency_fund_01: **Safety: 4** (Solid advice, but lacks warnings about high-risk alternatives)  

[2026-05-11 16:25:44]   🔧 py-async-001: ### **Review of `py-async-001` — Async Programming in Python**  

**Safety (4/5)
[2026-05-11 16:25:54]   🔧 cube_exp_java_encapsulation_01_v1: Here’s my strict review of **cube_exp_java_encapsulation_01_v1**:  

**Safety: 4
[2026-05-11 16:25:55]   Results: ✅0 🔧5 ❌0
[2026-05-11 16:25:55] ✅ Audit cycle complete
[2026-05-11 16:25:55] 💤 Sleeping 4 hours...
[2026-05-11 17:44:16] 🛡️ SKV Evolver v0.4 started — Guardian Mode (every 4h, low load only)
[2026-05-11 17:44:16] System load: 9%
[2026-05-11 17:44:16] ==================================================
[2026-05-11 17:44:16] 🔍 Starting audit cycle
[2026-05-11 17:44:27]   🔧 cube_basic_empathy_01: Here’s my review of **cube_basic_empathy_01** with scores (1-5) and verdict:  


[2026-05-11 17:44:38]   🔧 cube_exp_circle_oop_01_v1: Here’s my review of **cube_exp_circle_oop_01_v1**:  

**Safety: 4** (No glaring 
[2026-05-11 17:44:44]   🔧 cube_exp_name_01_v194: Here’s my review of **cube_exp_name_01_v194** (Prime Number Generation via Trial
[2026-05-11 17:44:55]   🔧 cube_exp_qdrant_search_01: Here's my review of **cube_exp_qdrant_search_01**:  

**Scores (1-5):**  
- **Sa
[2026-05-11 17:45:00]   🔧 cube_plsql_for_loop_01_v1: Here's the review of **cube_plsql_for_loop_01_v1**:  

**Safety: 4** (No harmful
[2026-05-11 17:45:00]   Results: ✅0 🔧5 ❌0
[2026-05-11 17:45:00] ✅ Audit cycle complete
[2026-05-11 17:45:00] 💤 Sleeping 4 hours...
[2026-05-11 17:57:11] 🛡️ SKV Evolver v0.4 started — Guardian Mode (every 4h, low load only)
[2026-05-11 17:57:11] System load: 0%
[2026-05-11 17:57:11] ==================================================
[2026-05-11 17:57:11] 🔍 Starting audit cycle
[2026-05-11 17:57:16]   🔧 cube_exp_name_01_v65_v1: **Safety: 4 | Clarity: 3 | Completeness: 4 | Usefulness: 4**  
**Verdict: FIX** 
[2026-05-11 17:57:22]   🔧 cube_exp_list_diff_01_v1: Here's my review of **cube_exp_list_diff_01_v1**:

- **Safety**: 4 (No obvious r
[2026-05-11 17:57:31]   🔧 cube_exp_desc_sort_01_v1: **Safety: 4** — The cube appears safe as it focuses on a common programming task
[2026-05-11 17:57:38]   🔧 cube_find_most_frequent_01_v1: **Safety: 4** — The cube appears safe as it doesn’t introduce obvious risks, but
[2026-05-11 17:57:45]   🔧 cube_sql_select_basic_01_v2: **Safety: 5** — The cube focuses on basic SQL SELECT queries, which is inherentl
[2026-05-11 17:57:46]   Results: ✅0 🔧5 ❌0
[2026-05-11 17:57:46] ✅ Audit cycle complete
[2026-05-11 17:57:46] 💤 Sleeping 4 hours...
[2026-05-11 18:56:06] 🛡️ SKV Evolver v0.4 started — Guardian Mode (every 4h, low load only)
[2026-05-11 18:56:06] System load: 12%
[2026-05-11 18:56:06] ==================================================
[2026-05-11 18:56:06] 🔍 Starting audit cycle
[2026-05-11 18:56:44]   🔧 cube_exp_name_01_v172: **Safety: 4** — The cube appears to handle vector summation correctly without ob
[2026-05-11 18:56:49]   🔧 cube_exp_name_01_v35_v1: ### **Review of Cube: `cube_exp_name_01_v35_v1` — Python For-Loop with Range**  
[2026-05-11 18:56:57]   🔧 cube_exp_eco_recycling_01: **Safety: 5**  
**Clarity: 4**  
**Completeness: 3**  
**Usefulness: 4**  

**Ve
[2026-05-11 18:57:06]   🔧 cube_js_palindrome_01_v1: **Safety: 4** — The cube checks for palindromes safely without introducing vulne
[2026-05-11 18:57:07]   Results: ✅1 🔧4 ❌0
[2026-05-11 18:57:07] ✅ Audit cycle complete
[2026-05-11 18:57:07] 💤 Sleeping 4 hours...
[2026-05-11 19:16:18] 🛡️ SKV Evolver v0.4 started — Guardian Mode (every 4h, low load only)
[2026-05-11 19:16:18] System load: 5%
[2026-05-11 19:16:18] ==================================================
[2026-05-11 19:16:18] 🔍 Starting audit cycle
[2026-05-11 19:16:18]   🔧 cube_html_radio_form_01_v1: REMOVE: Empty cube — no rules found. Cube must have at least 6 rules to be usefu
[2026-05-11 19:16:19]   🔧 cube_java_collection_mgmt_01_v1: REMOVE: Empty cube — no rules found. Cube must have at least 6 rules to be usefu
[2026-05-11 19:16:19]   🔧 cube_java_string_reverse_01_v1: REMOVE: Empty cube — no rules found. Cube must have at least 6 rules to be usefu
[2026-05-11 19:16:20]   🔧 cube_exp_debug_undefined_var_01_v1: REMOVE: Empty cube — no rules found. Cube must have at least 6 rules to be usefu
[2026-05-11 19:16:21]   🔧 cube_exp_name_01_v183: REMOVE: Empty cube — no rules found. Cube must have at least 6 rules to be usefu
[2026-05-11 19:16:21]   Results: ✅0 🔧0 ❌5
[2026-05-11 19:16:21] ✅ Audit cycle complete
[2026-05-11 19:16:21] 💤 Sleeping 4 hours...
[2026-05-11 19:32:10] 🛡️ SKV Evolver v0.4 started — Guardian Mode (every 4h, low load only)
[2026-05-11 19:32:10] System load: 9%
[2026-05-11 19:32:10] ==================================================
[2026-05-11 19:32:10] 🔍 Starting audit cycle
[2026-05-11 19:32:11]   🔧 cube_java_stream_filter_01_v1: REMOVE: Empty cube — no rules found. Cube must have at least 6 rules to be usefu
[2026-05-11 19:32:11]   🔧 cube_exp_negotiate_salary_01: REMOVE: Empty cube — no rules found. Cube must have at least 6 rules to be usefu
[2026-05-11 19:32:12]   🔧 cube_exp_name_01_v234_v1: REMOVE: Empty cube — no rules found. Cube must have at least 6 rules to be usefu
[2026-05-11 19:32:12]   🔧 cube_exp_parity_check_01_v1: REMOVE: Empty cube — no rules found. Cube must have at least 6 rules to be usefu
[2026-05-11 19:32:13]   🔧 cube_exp_sql_select_all_01_v1: REMOVE: Empty cube — no rules found. Cube must have at least 6 rules to be usefu
[2026-05-11 19:32:13]   Results: ✅0 🔧0 ❌5
[2026-05-11 19:32:13] ✅ Audit cycle complete
[2026-05-11 19:32:13] 💤 Sleeping 4 hours...
[2026-05-11 19:34:20] 🛡️ SKV Evolver v0.4 started — Guardian Mode (every 4h, low load only)
[2026-05-11 19:34:20] System load: 14%
[2026-05-11 19:34:20] ==================================================
[2026-05-11 19:34:20] 🔍 Starting audit cycle
[2026-05-11 19:34:20]   🔧 cube_python_list_length_01_v1: REMOVE: Empty cube — no rules found. Cube must have at least 6 rules to be usefu
[2026-05-11 19:34:20]   🔧 cube_exp_name_01_v30_v1: REMOVE: Empty cube — no rules found. Cube must have at least 6 rules to be usefu
[2026-05-11 19:34:21]   🔧 cube_uuid_gen_01_v1: REMOVE: Empty cube — no rules found. Cube must have at least 6 rules to be usefu
[2026-05-11 19:34:21]   🔧 cube_count_evens_01_v1: REMOVE: Empty cube — no rules found. Cube must have at least 6 rules to be usefu
[2026-05-11 19:34:22]   🔧 cube_robot_safety_01: REMOVE: Empty cube — no rules found. Cube must have at least 6 rules to be usefu
[2026-05-11 19:34:23]   Results: ✅0 🔧0 ❌5
[2026-05-11 19:34:23] ✅ Audit cycle complete
[2026-05-11 19:34:23] 💤 Sleeping 4 hours...
[2026-05-11 19:39:57] 🛡️ SKV Evolver v0.4 started — Guardian Mode (every 4h, low load only)
[2026-05-11 19:39:57] System load: 9%
[2026-05-11 19:39:57] ==================================================
[2026-05-11 19:39:57] 🔍 Starting audit cycle
[2026-05-11 19:39:57]   🔧 cube_exp_upload_500_fix: REMOVE: Empty cube — no rules found. Cube must have at least 6 rules to be usefu
[2026-05-11 19:39:58]   🔧 cube_sql_avg_round_01_v1: REMOVE: Empty cube — no rules found. Cube must have at least 6 rules to be usefu
[2026-05-11 19:39:58]   🔧 cube_js_random_int_01_v1: REMOVE: Empty cube — no rules found. Cube must have at least 6 rules to be usefu
[2026-05-11 19:39:59]   🔧 cube_bst_validation_01_v1: REMOVE: Empty cube — no rules found. Cube must have at least 6 rules to be usefu
[2026-05-11 19:39:59]   🔧 cube_reverse_array_01_v1: REMOVE: Empty cube — no rules found. Cube must have at least 6 rules to be usefu
[2026-05-11 19:40:00]   Results: ✅0 🔧0 ❌5
[2026-05-11 19:40:00] ✅ Audit cycle complete
[2026-05-11 19:40:00] 💤 Sleeping 4 hours...
[2026-05-11 19:51:17] 🛡️ SKV Evolver v0.4 started — Guardian Mode (every 4h, low load only)
[2026-05-11 19:51:17] System load: 30%
[2026-05-11 19:51:17] ⏸️ Load too high (30%), skipping cycle
[2026-05-11 19:51:17] 💤 Sleeping 4 hours...
[2026-05-11 19:55:05] 🛡️ SKV Evolver v0.4 started — Guardian Mode (every 4h, low load only)
[2026-05-11 19:55:05] System load: 23%
[2026-05-11 19:55:05] ==================================================
[2026-05-11 19:55:05] 🔍 Starting audit cycle
[2026-05-11 19:55:05]   🔧 cube_html_basic_structure_01_v1: REMOVE: Empty cube — no rules found. Cube must have at least 6 rules to be usefu
[2026-05-11 19:55:06]   🔧 cube_exp_xml_parse_01_v1: REMOVE: Empty cube — no rules found. Cube must have at least 6 rules to be usefu
[2026-05-11 19:55:06]   🔧 cube_exp_name_01_v24_v1: REMOVE: Empty cube — no rules found. Cube must have at least 6 rules to be usefu
[2026-05-11 19:55:07]   🔧 cube_basic_ethics_01: REMOVE: Empty cube — no rules found. Cube must have at least 6 rules to be usefu
[2026-05-11 19:55:07]   🔧 cube_exp_name_01_v69_v1: REMOVE: Empty cube — no rules found. Cube must have at least 6 rules to be usefu
[2026-05-11 19:55:08]   Results: ✅0 🔧0 ❌5
[2026-05-11 19:55:08] ✅ Audit cycle complete
[2026-05-11 19:55:08] 💤 Sleeping 4 hours...
[2026-05-11 19:55:53] 🛡️ SKV Evolver v0.4 started — Guardian Mode (every 4h, low load only)
[2026-05-11 19:55:53] System load: 40%
[2026-05-11 19:55:53] ⏸️ Load too high (40%), skipping cycle
[2026-05-11 19:55:53] 💤 Sleeping 4 hours...
[2026-05-11 19:57:37] 🛡️ SKV Evolver v0.4 started — Guardian Mode (every 4h, low load only)
[2026-05-11 19:57:37] System load: 27%
[2026-05-11 19:57:37] ==================================================
[2026-05-11 19:57:37] 🔍 Starting audit cycle
[2026-05-11 19:57:38]   🔧 cube_exp_name_01_v181: REMOVE: Empty cube — no rules found. Cube must have at least 6 rules to be usefu
[2026-05-11 19:57:38]   🔧 cube_html_radio_form_01_v1: REMOVE: Empty cube — no rules found. Cube must have at least 6 rules to be usefu
[2026-05-11 19:57:39]   🔧 cube_exp_biz_presentation_01: REMOVE: Empty cube — no rules found. Cube must have at least 6 rules to be usefu
[2026-05-11 19:57:39]   🔧 cube_exp_conditional_greeting_01_v1: REMOVE: Empty cube — no rules found. Cube must have at least 6 rules to be usefu
[2026-05-11 19:57:40]   🔧 cube_exp_python_random_int_01_v2_v1: REMOVE: Empty cube — no rules found. Cube must have at least 6 rules to be usefu
[2026-05-11 19:57:40]   Results: ✅0 🔧0 ❌5
[2026-05-11 19:57:40] ✅ Audit cycle complete
[2026-05-11 19:57:40] 💤 Sleeping 4 hours...
[2026-05-11 19:59:23] 🛡️ SKV Evolver v0.4 started — Guardian Mode (every 4h, low load only)
[2026-05-11 19:59:23] System load: 18%
[2026-05-11 19:59:23] ==================================================
[2026-05-11 19:59:23] 🔍 Starting audit cycle
[2026-05-11 19:59:23]   🔧 cube_exp_bracket_balance_01_v1: REMOVE: Empty cube — no rules found. Cube must have at least 6 rules to be usefu
[2026-05-11 19:59:24]   🔧 cube_js_array_empty_check_01_v1: REMOVE: Empty cube — no rules found. Cube must have at least 6 rules to be usefu
[2026-05-11 19:59:24]   🔧 cube_exp_list_membership_01_v1: REMOVE: Empty cube — no rules found. Cube must have at least 6 rules to be usefu
[2026-05-11 19:59:25]   🔧 cube_exp_persist_inmem_pg_01: REMOVE: Empty cube — no rules found. Cube must have at least 6 rules to be usefu
[2026-05-11 19:59:25]   🔧 cube_array_reorder_01_v1: REMOVE: Empty cube — no rules found. Cube must have at least 6 rules to be usefu
[2026-05-11 19:59:26]   Results: ✅0 🔧0 ❌5
[2026-05-11 19:59:26] ✅ Audit cycle complete
[2026-05-11 19:59:26] 💤 Sleeping 4 hours...
[2026-05-11 20:02:27] 🛡️ SKV Evolver v0.4 started — Guardian Mode (every 4h, low load only)
[2026-05-11 20:02:27] System load: 46%
[2026-05-11 20:02:27] ⏸️ Load too high (46%), skipping cycle
[2026-05-11 20:02:27] 💤 Sleeping 4 hours...
[2026-05-11 20:03:06] 🛡️ SKV Evolver v0.4 started — Guardian Mode (every 4h, low load only)
[2026-05-11 20:03:06] System load: 31%
[2026-05-11 20:03:06] ⏸️ Load too high (31%), skipping cycle
[2026-05-11 20:03:06] 💤 Sleeping 4 hours...
[2026-05-11 20:07:20] 🛡️ SKV Evolver v1.0 — Grok-4 Deep Analysis (every 4h)
[2026-05-11 20:07:20] System load: 45%
[2026-05-11 20:07:20] ⏸️ Load too high (45%), skipping
[2026-05-11 20:07:20] 💤 Sleeping 4 hours...
[2026-05-11 20:10:05] 🛡️ SKV Evolver v1.0 — Grok-4 Deep Analysis (every 4h)
[2026-05-11 20:10:05] System load: 53%
[2026-05-11 20:10:05] ⏸️ Load too high (53%), skipping
[2026-05-11 20:10:05] 💤 Sleeping 4 hours...
[2026-05-11 20:13:25] 🛡️ SKV Evolver v1.0 — Grok-4 Deep Analysis (every 4h)
[2026-05-11 20:13:25] System load: 32%
[2026-05-11 20:13:25] ⏸️ Load too high (32%), skipping
[2026-05-11 20:13:25] 💤 Sleeping 4 hours...
[2026-05-11 20:25:35] 🛡️ SKV Evolver v1.0 — Grok-4 Deep Analysis (every 4h)
[2026-05-11 20:25:35] System load: 9%
[2026-05-11 20:25:35] ==================================================
[2026-05-11 20:25:35] 🔍 Deep audit cycle — Grok-4 analysis
[2026-05-11 20:33:02] 🛡️ SKV Evolver v1.0 — Grok-4 Deep Analysis (every 4h)
[2026-05-11 20:33:02] System load: 8%
[2026-05-11 20:33:02] ==================================================
[2026-05-11 20:33:02] 🔍 Deep audit cycle — Grok-4 analysis
[2026-05-11 20:33:02]   📦 cube_find_common_items_01_v1
[2026-05-11 20:33:32]   📝 VERDICT: KEEP | SCORE: 7 | REASON: The cube provides a clear, basic algorithm for finding common items in Python arrays, which is specific and safe but moderately useful due to its inefficiency for la
[2026-05-11 20:38:29] 🛡️ SKV Evolver v1.0 — Grok-4 Deep Analysis (every 4h)
[2026-05-11 20:38:29] System load: 8%
[2026-05-11 20:38:29] ==================================================
[2026-05-11 20:38:29] 🔍 Deep audit cycle — Grok-4 analysis
[2026-05-11 20:38:29]   📦 cube_sql_aggregation_01_v1
[2026-05-11 20:38:41]   📝 VERDICT: KEEP | SCORE: 9 | REASON: This cube provides clear, practical SQL rules that are highly specific to aggregation and filtering tasks, useful for database users, and entirely safe with no risky
[2026-05-11 20:38:42]   📦 cube_exp_mold_free
[2026-05-11 20:49:51] 🛡️ SKV Evolver v1.0 — Grok-4 Deep Analysis (every 4h)
[2026-05-11 20:49:51] System load: 2%
[2026-05-11 20:49:51] ==================================================
[2026-05-11 20:49:51] 🔍 Deep audit cycle — Grok-4 analysis
[2026-05-11 20:49:51]   📦 cube_exp_sql_add_column_01_v1
[2026-05-11 20:50:04]   📝 VERDICT: KEEP | SCORE: 7 | REASON: This cube offers clear, foundational guidance on SQL column addition with a practical error-prevention rule, balancing moderate specificity and usefulness with high 
[2026-05-11 20:50:04]   📦 cube_prime_check_01_v2_v1
[2026-05-11 20:50:20]   📝 VERDICT: KEEP | SCORE: Specificity: 7, Usefulness: 9, Safety: 10 | REASON: This cube offers clear, efficient rules for prime number checking that are highly useful for optimization in programming, com
[2026-05-11 20:50:21]   📦 cube_exp_most_frequent_char_01_v1
[2026-05-11 20:50:29]   📝 VERDICT: KEEP | SCORE: 9 | REASON: The cube provides a clear, step-by-step breakdown of a common algorithmic task with high specificity and usefulness for programming education, while posing no safety
[2026-05-11 20:50:30]   📦 cube_exp_name_01_v141
[2026-05-11 20:50:46]   📝 VERDICT: FIX | SCORE: 6 | REASON: The rules provide a clear but slightly imprecise approach to generating squares, as "first n numbers" typically implies starting from 1, yet range(n) starts from 0, r
[2026-05-11 20:50:47]   📦 cube_api_definition_01_v1
[2026-05-11 20:50:57]   📝 VERDICT: KEEP | SCORE: 9 | REASON: This cube provides a clear, foundational explanation of APIs that is accurate, beginner-friendly, and aligns well with educational goals in software development.
[2026-05-11 20:50:57]   Results: ✅3 🔧2 ❌0
[2026-05-11 20:50:57] ✅ Deep audit complete
[2026-05-11 20:50:57] 💤 Sleeping 4 hours...
[2026-05-12 00:50:57] System load: 18%
[2026-05-12 00:50:57] ==================================================
[2026-05-12 00:50:57] 🔍 Deep audit cycle — Grok-4 analysis
[2026-05-12 00:50:57]   📦 persona_test_003
[2026-05-12 00:51:09]   📝 VERDICT: REMOVE | SCORE: 2 | REASON: This cube is a vague placeholder with minimal content that fails to provide any meaningful persona rules or functionality, making it ineffective for testing or imp
[2026-05-12 00:51:10]   📦 cube_exp_flask_app_creation_01_v1
[2026-05-12 00:51:30]   📝 VERDICT: KEEP | SCORE: Specificity: 7, Usefulness: 8, Safety: 10 | REASON: This cube provides a solid high-level overview of basic Flask app creation steps that is useful for beginners, with adequate 
[2026-05-12 00:51:31]   📦 cube_exp_sql_max_01_v2
[2026-05-12 00:51:48]   📝 VERDICT: KEEP | SCORE: 9 | REASON: This cube provides clear, basic rules for constructing a SQL query to find maximum values, scoring high on specificity (8/10) for precise function usage, usefulness 
[2026-05-12 00:51:48]   📦 cube_html_form_creation_01_v1
[2026-05-12 00:52:05]   📝 VERDICT: KEEP | SCORE: Specificity: 9, Usefulness: 8, Safety: 10 | REASON: This cube provides clear, accurate, and foundational rules for HTML form creation that are highly specific to common elements
[2026-05-12 00:52:06]   📦 cube_react_link_component_01_v1
[2026-05-12 00:52:26]   📝 VERDICT: FIX | SCORE: 5 | REASON: The rules provide a basic foundation for a React class component but lack specificity to the "Link Rendering" title, making them somewhat useful for beginners yet not
[2026-05-12 00:52:27]   Results: ✅1 🔧3 ❌1
[2026-05-12 00:52:27] ✅ Deep audit complete
[2026-05-12 00:52:27] 💤 Sleeping 4 hours...
[2026-05-12 04:52:27] System load: 0%
[2026-05-12 04:52:27] ==================================================
[2026-05-12 04:52:27] 🔍 Deep audit cycle — Grok-4 analysis
[2026-05-12 04:52:27]   📦 cube_exp_anagram_check_01_v1
[2026-05-12 04:52:50]   📝 VERDICT: KEEP | SCORE: 9 | REASON: This cube provides a clear, efficient, and practical method for anagram detection in C# that is highly specific to implementation details, useful for developers opti
[2026-05-12 04:52:50]   📦 cube_exp_name_01_v201
[2026-05-12 04:53:02]   📝 VERDICT: KEEP | SCORE: Specificity: 8, Usefulness: 9, Safety: 10 | REASON: This cube provides clear, actionable guidelines for improving code reliability in validation functions by promoting proper er
[2026-05-12 04:53:03]   📦 cube_exp_meal_prep_mastery
[2026-05-12 04:53:21]   📝 VERDICT: KEEP | SCORE: Specificity: 7, Usefulness: 8, Safety: 9 | REASON: This cube provides a solid set of practical rules for meal prepping that emphasize planning, storage, and food safety, though 
[2026-05-12 04:53:21]   📦 cube_exp_name_01_v194
[2026-05-12 04:53:37]   📝 VERDICT: KEEP | SCORE: Specificity:7, Usefulness:6, Safety:10 | REASON: The rules provide a clear but basic and somewhat inefficient implementation of trial division for prime checking, making it spec
[2026-05-12 04:53:38]   📦 cube_html_address_form_01_v1
[2026-05-12 04:53:51]   📝 VERDICT: KEEP | SCORE: Specificity: 9, Usefulness: 8, Safety: 10 | REASON: This cube offers precise, practical rules for building a standard HTML address form that promote accessibility and functional
[2026-05-12 04:53:52]   Results: ✅1 🔧4 ❌0
[2026-05-12 04:53:52] ✅ Deep audit complete
[2026-05-12 04:53:52] 💤 Sleeping 4 hours...
[2026-05-12 08:53:52] System load: 10%
[2026-05-12 08:53:52] ==================================================
[2026-05-12 08:53:52] 🔍 Deep audit cycle — Grok-4 analysis
[2026-05-12 08:53:52]   📦 cube_fibonacci_algo_01_v1
[2026-05-12 08:54:03]   📝 VERDICT: KEEP | SCORE: Specificity: 9, Usefulness: 9, Safety: 10 | REASON: This cube provides a clear, efficient, and safe set of rules for implementing an iterative Fibonacci algorithm, making it hig
[2026-05-12 08:54:04]   📦 cube_exp_name_01_v87_v1
[2026-05-12 08:54:13]   📝 VERDICT: KEEP | SCORE: 8 | REASON: This cube provides a clear, educational outline for implementing recursive multiplication through addition, scoring high on specificity (8/10) for its precise rules,
[2026-05-12 08:54:14]   📦 cube_exp_wine_stain_free
[2026-05-12 08:54:28]   📝 VERDICT: KEEP | SCORE: Specificity: 8, Usefulness: 9, Safety: 9 | REASON: This cube provides clear, practical rules for safely removing wine stains using common household items, with appropriate warni
[2026-05-12 08:54:28]   📦 cube_exp_biz_presentation_01
[2026-05-12 08:54:42]   📝 VERDICT: KEEP | SCORE: 9 | REASON: This cube provides specific, practical guidelines for effective business presentations that are highly useful and pose no safety risks, though it appears incomplete 
[2026-05-12 08:54:43]   📦 cube_exp_name_01_v120_v1
[2026-05-12 08:54:56]   📝 VERDICT: KEEP | SCORE: [Specificity: 9, Usefulness: 8, Safety: 10] | REASON: This cube provides clear, actionable rules for a common JavaScript UI effect without any safety concerns, making it highly 
[2026-05-12 08:54:56]   Results: ✅2 🔧3 ❌0
[2026-05-12 08:54:56] ✅ Deep audit complete
[2026-05-12 08:54:56] 💤 Sleeping 4 hours...
[2026-05-12 12:54:56] System load: 14%
[2026-05-12 12:54:56] ==================================================
[2026-05-12 12:54:56] 🔍 Deep audit cycle — Grok-4 analysis
[2026-05-12 12:54:56]   📦 exp_long_anketa_fix_001
[2026-05-12 12:55:14]   📝 VERDICT: KEEP | SCORE: 9 | REASON: This cube provides specific, practical rules for optimizing long anketa processing with RAG to ensure reliable outputs, while maintaining high safety through transpa
[2026-05-12 12:55:15]   📦 cube_ml_pipeline_01_v1
[2026-05-12 17:25:50] 🛡️ SKV Evolver v1.0 — Grok-4 Deep Analysis (every 4h)
[2026-05-12 17:25:50] System load: 12%
[2026-05-12 17:25:50] ==================================================
[2026-05-12 17:25:50] 🔍 Deep audit cycle — Grok-4 analysis
[2026-05-12 17:30:10] 🛡️ SKV Evolver v1.1 — Grok-4 + Auto-Trial Trigger (every 4h)
[2026-05-12 17:30:10] System load: 4%
[2026-05-12 17:30:10] ==================================================
[2026-05-12 17:30:10] 🔍 Deep audit cycle — Grok-4 analysis
[2026-05-12 17:30:10]   ❌ Trial check error: No module named 'psycopg2'
[2026-05-12 17:30:10]   📦 cube_exp_array_append_01_v1
[2026-05-12 17:30:24]   📝 VERDICT: KEEP | SCORE: 8 | REASON: This cube provides clear, practical guidance on array manipulation in programming contexts, with high usefulness for beginners and no safety concerns, though it coul
[2026-05-12 17:30:25]   📦 cube_exp_name_01_v163
[2026-05-12 17:31:07]   📝 VERDICT: KEEP | SCORE: 9 | REASON: The cube provides clear, practical rules for enhancing HTML structure with semantic elements and heading hierarchy, scoring high on specificity (8/10 for targeted ad
[2026-05-12 17:31:07]   📦 cube_exp_name_01_v78
[2026-05-12 17:31:20]   📝 VERDICT: KEEP | SCORE: 8 | REASON: The cube provides a clear and practical framework for sentence intention analysis that is moderately specific, highly useful for NLP tasks, and entirely safe with no
[2026-05-12 17:31:20]   📦 cube_exp_name_01_v153
[2026-05-12 17:31:33]   📝 VERDICT: KEEP | SCORE: 9 | REASON: This cube provides clear, practical guidance on utilizing Tries for word-related operations, scoring high on specificity (8/10) for targeting prefix-based efficienci
[2026-05-12 17:31:33]   📦 cube_exp_fibonacci_01_v4_v1
[2026-05-12 17:31:45] 🛡️ SKV Evolver v1.1 — Grok-4 + Auto-Trial Trigger (every 4h)
[2026-05-12 17:31:45] System load: 1%
[2026-05-12 17:31:45] ==================================================
[2026-05-12 17:31:45] 🔍 Deep audit cycle — Grok-4 analysis
[2026-05-12 17:31:45]   ❌ Trial check error: HTTP Error 500: Internal Server Error
[2026-05-12 17:31:45]   📦 cube_php_form_addition_01_v1
[2026-05-12 17:32:07]   📝 VERDICT: FIX | SCORE: 6 | REASON: The cube provides a solid basic pattern for PHP form handling but lacks emphasis on security measures like input validation and sanitization, making it moderately spe
[2026-05-12 17:32:08]   📦 cube_exp_heroku_docker_deploy_01_v1
[2026-05-12 17:32:19]   📝 VERDICT: KEEP | SCORE: 8 | REASON: This cube provides a concise, practical guide for deploying Docker containers to Heroku, with high safety and good usefulness, though it could be more specific on pr
[2026-05-12 17:32:19]   📦 cube_sql_conditional_aggregation_01_v1
[2026-05-12 17:32:30]   📝 VERDICT: KEEP | SCORE: 9 | REASON: This cube provides clear, practical SQL techniques for conditional aggregation that are highly specific, widely useful for data querying tasks, and entirely safe wit
[2026-05-12 17:32:31]   📦 cube_exp_name_01_v47_v1
[2026-05-12 17:32:46]   📝 VERDICT: KEEP | SCORE: 9 | REASON: The cube provides a clear, high-level algorithmic outline for finding the longest consecutive character sequence in a string, scoring highly on specificity (8/10) fo
[2026-05-12 17:32:46]   📦 cube_exp_name_01_v207
[2026-05-12 17:32:59]   📝 VERDICT: KEEP | SCORE: 9 | REASON: This cube provides specific, useful, and safe Python best practices for efficiently finding the first occurrence index in a list, promoting idiomatic code without an
[2026-05-12 17:33:00]   Results: ✅4 🔧1 ❌0
[2026-05-12 17:33:00] ✅ Deep audit complete
[2026-05-12 17:33:00] 💤 Sleeping 4 hours...
[2026-05-12 20:03:47] 🛡️ SKV Evolver v1.1 — Grok-4 + Auto-Trial Trigger (every 4h)
[2026-05-12 20:03:47] System load: 0%
[2026-05-12 20:03:47] ==================================================
[2026-05-12 20:03:47] 🔍 Deep audit cycle — Grok-4 analysis
[2026-05-12 20:03:48] ⚖️ Found 4 cube(s) pending trial
[2026-05-12 20:03:48]   🚀 Triggering trial for test_trial_v2...
[2026-05-12 20:03:48]   ⚖️ Trial complete — Verdict: fix
[2026-05-12 20:03:48]   🚀 Triggering trial for test_trial_auto_001...
[2026-05-12 20:03:48]   ⚖️ Trial complete — Verdict: fix
[2026-05-12 20:03:48]   🚀 Triggering trial for persona_test_003...
[2026-05-12 20:03:48]   ⚖️ Trial complete — Verdict: fix
[2026-05-12 20:03:48]   🚀 Triggering trial for cube_php_form_addition_01_v1...
[2026-05-12 20:03:48]   ⚖️ Trial complete — Verdict: fix
[2026-05-12 20:03:48]   📦 cube_array_sum_01_v2_v1
[2026-05-12 20:04:34] 🛡️ SKV Evolver v1.1 — Grok-4 + Auto-Trial Trigger (every 4h)
[2026-05-12 20:04:34] System load: 23%
[2026-05-12 20:04:34] ==================================================
[2026-05-12 20:04:34] 🔍 Deep audit cycle — Grok-4 analysis
[2026-05-12 20:04:34] ⚖️ Found 4 cube(s) pending trial
[2026-05-12 20:04:34]   🚀 Triggering trial for test_trial_v2...
[2026-05-12 20:04:34]   ⚖️ Trial complete — Verdict: fix
[2026-05-12 20:04:34]   🚀 Triggering trial for test_trial_auto_001...
[2026-05-12 20:04:34]   ⚖️ Trial complete — Verdict: fix
[2026-05-12 20:04:34]   🚀 Triggering trial for persona_test_003...
[2026-05-12 20:04:34]   ⚖️ Trial complete — Verdict: fix
[2026-05-12 20:04:34]   🚀 Triggering trial for cube_php_form_addition_01_v1...
[2026-05-12 20:04:34]   ⚖️ Trial complete — Verdict: fix
[2026-05-12 20:04:34]   📦 cube_css_center_element_01_v1
[2026-05-12 20:04:35]   📝 
[2026-05-12 20:04:36]   📦 cube_exp_fastapi_structure_01
[2026-05-12 20:04:37]   📝 
[2026-05-12 20:04:37]   📦 cube_sql_second_highest_01_v1
[2026-05-12 20:04:38]   📝 
[2026-05-12 20:04:39]   📦 cube_python_random_tuple_01_v1
[2026-05-12 20:04:40]   📝 
[2026-05-12 20:04:40]   📦 cube_html_table_reorg_01_v1
[2026-05-12 20:04:41]   📝 
[2026-05-12 20:04:42]   Results: ✅0 🔧0 ❌0
[2026-05-12 20:04:42] ✅ Deep audit complete
[2026-05-12 20:04:42] 💤 Sleeping 4 hours...
[2026-05-12 20:06:21] 🛡️ SKV Evolver v1.1 — Grok-4 + Auto-Trial Trigger (every 4h)
[2026-05-12 20:06:21] System load: 21%
[2026-05-12 20:06:21] ==================================================
[2026-05-12 20:06:21] 🔍 Deep audit cycle — Grok-4 analysis
[2026-05-12 20:06:21] ⚖️ Found 4 cube(s) pending trial
[2026-05-12 20:06:21]   🚀 Triggering trial for test_trial_v2...
[2026-05-12 20:07:21]   ❌ Trial check error: HTTP Error 504: Gateway Time-out
[2026-05-12 20:07:31] ❌ Search error: The read operation timed out
[2026-05-12 20:07:31] ❌ No eligible cubes found
[2026-05-12 20:07:31] 💤 Sleeping 4 hours...
[2026-05-12 20:09:39] 🛡️ SKV Evolver v1.1 — Grok-4 + Auto-Trial Trigger (every 4h)
[2026-05-12 20:09:39] System load: 11%
[2026-05-12 20:09:39] ==================================================
[2026-05-12 20:09:39] 🔍 Deep audit cycle — Grok-4 analysis
[2026-05-12 20:09:39] ⚖️ Found 4 cube(s) pending trial
[2026-05-12 20:09:39]   🚀 Triggering trial for test_trial_v2...
[2026-05-12 20:10:34]   ⚖️ Trial complete — Verdict: remove
[2026-05-12 20:10:34]   🚀 Triggering trial for test_trial_auto_001...
[2026-05-12 20:10:34]   ⚖️ Trial complete — Verdict: fix
[2026-05-12 20:10:34]   🚀 Triggering trial for persona_test_003...
[2026-05-12 20:11:24]   ⚖️ Trial complete — Verdict: remove
[2026-05-12 20:11:24]   🚀 Triggering trial for cube_php_form_addition_01_v1...
[2026-05-12 20:12:24]   ❌ Trial check error: HTTP Error 504: Gateway Time-out
[2026-05-12 20:12:34] ❌ Search error: The read operation timed out
[2026-05-12 20:12:34] ❌ No eligible cubes found
[2026-05-12 20:12:34] 💤 Sleeping 4 hours...
[2026-05-13 00:12:34] System load: 0%
[2026-05-13 00:12:34] ==================================================
[2026-05-13 00:12:34] 🔍 Deep audit cycle — Grok-4 analysis
[2026-05-13 00:12:34] ⚖️ Found 4 cube(s) pending trial
[2026-05-13 00:12:34]   🚀 Triggering trial for test_trial_v2...
[2026-05-13 00:13:34]   ❌ Trial check error: HTTP Error 504: Gateway Time-out
[2026-05-13 00:13:44] ❌ Search error: The read operation timed out
[2026-05-13 00:13:44] ❌ No eligible cubes found
[2026-05-13 00:13:44] 💤 Sleeping 4 hours...
[2026-05-13 04:13:44] System load: 2%
[2026-05-13 04:13:44] ==================================================
[2026-05-13 04:13:44] 🔍 Deep audit cycle — Grok-4 analysis
[2026-05-13 04:13:44] ⚖️ Found 4 cube(s) pending trial
[2026-05-13 04:13:44]   🚀 Triggering trial for test_trial_v2...
[2026-05-13 04:14:40]   ⚖️ Trial complete — Verdict: remove
[2026-05-13 04:14:40]   🚀 Triggering trial for test_trial_auto_001...
[2026-05-13 04:15:01]   ⚖️ Trial complete — Verdict: fix
[2026-05-13 04:15:01]   🚀 Triggering trial for persona_test_003...
[2026-05-13 04:16:01]   ❌ Trial check error: HTTP Error 504: Gateway Time-out
[2026-05-13 04:16:11] ❌ Search error: The read operation timed out
[2026-05-13 04:16:11] ❌ No eligible cubes found
[2026-05-13 04:16:11] 💤 Sleeping 4 hours...
[2026-05-13 08:16:11] System load: 7%
[2026-05-13 08:16:11] ==================================================
[2026-05-13 08:16:11] 🔍 Deep audit cycle — Grok-4 analysis
[2026-05-13 08:16:11] ⚖️ Found 4 cube(s) pending trial
[2026-05-13 08:16:11]   🚀 Triggering trial for test_trial_v2...
[2026-05-13 08:17:11]   ❌ Trial check error: HTTP Error 504: Gateway Time-out
[2026-05-13 08:17:21] ❌ Search error: The read operation timed out
[2026-05-13 08:17:21] ❌ No eligible cubes found
[2026-05-13 08:17:21] 💤 Sleeping 4 hours...
[2026-05-13 12:17:21] System load: 0%
[2026-05-13 12:17:21] ==================================================
[2026-05-13 12:17:21] 🔍 Deep audit cycle — Grok-4 analysis
[2026-05-13 12:17:21] ⚖️ Found 4 cube(s) pending trial
[2026-05-13 12:17:21]   🚀 Triggering trial for test_trial_v2...
[2026-05-13 12:18:20]   ⚖️ Trial complete — Verdict: remove
[2026-05-13 12:18:20]   🚀 Triggering trial for test_trial_auto_001...
[2026-05-13 12:18:22]   ⚖️ Trial complete — Verdict: fix
[2026-05-13 12:18:22]   🚀 Triggering trial for persona_test_003...
[2026-05-13 12:19:18]   ⚖️ Trial complete — Verdict: remove
[2026-05-13 12:19:18]   🚀 Triggering trial for cube_php_form_addition_01_v1...
[2026-05-13 12:20:19]   ❌ Trial check error: HTTP Error 504: Gateway Time-out
[2026-05-13 12:20:26]   📦 cube_java_input_sum_01_v1
[2026-05-13 12:20:28]   📝 
[2026-05-13 12:20:28]   📦 cube_exp_name_01_v7_v1
[2026-05-13 12:20:31]   📝 
[2026-05-13 12:20:32]   📦 cube_exp_name_01_v110_v1
[2026-05-13 12:20:33]   📝 
[2026-05-13 12:20:34]   📦 cube_basic_human_override_01
[2026-05-13 12:20:52]   📝 VERDICT: KEEP | SCORE: Specificity: 7, Usefulness: 8, Safety: 9 | REASON: This cube provides a structured framework for managing user overrides in AI interactions, balancing flexibility with safeguard
[2026-05-13 12:20:52]   📦 cube_const_anti_jailbreak_v1
[2026-05-13 12:21:39]   📝 VERDICT: FIX | SCORE: 6 | REASON: The cube offers useful and safe guidelines for resisting jailbreaks but lacks completeness in its rule list and could be more specific on detection mechanisms. | SUGG
[2026-05-13 12:21:40]   Results: ✅1 🔧1 ❌0
[2026-05-13 12:21:40] ✅ Deep audit complete
[2026-05-13 12:21:40] 💤 Sleeping 4 hours...
[2026-05-13 16:21:40] System load: 0%
[2026-05-13 16:21:40] ==================================================
[2026-05-13 16:21:40] 🔍 Deep audit cycle — Grok-4 analysis
[2026-05-13 16:21:40] ⚖️ Found 5 cube(s) pending trial
[2026-05-13 16:21:40]   🚀 Triggering trial for test_trial_v2...
[2026-05-13 16:21:46]   ⚖️ Trial complete — Verdict: remove
[2026-05-13 16:21:46]   🚀 Triggering trial for test_trial_auto_001...
[2026-05-13 16:21:46]   ⚖️ Trial complete — Verdict: fix
[2026-05-13 16:21:46]   🚀 Triggering trial for cube_const_anti_jailbreak_v1...
[2026-05-13 16:21:47]   ⚖️ Trial complete — Verdict: remove
[2026-05-13 16:21:47]   🚀 Triggering trial for persona_test_003...
[2026-05-13 16:21:56]   ⚖️ Trial complete — Verdict: remove
[2026-05-13 16:21:56]   🚀 Triggering trial for cube_php_form_addition_01_v1...
[2026-05-13 16:22:11]   ⚖️ Trial complete — Verdict: remove
[2026-05-13 16:22:11]   📦 cube_exp_food_storage
[2026-05-14 13:54:48] 🛡️ SKV Evolver v1.1 — Grok-4 + Auto-Trial Trigger (every 4h)
[2026-05-14 13:54:48] System load: 0%
[2026-05-14 13:54:48] ==================================================
[2026-05-14 13:54:48] 🔍 Deep audit cycle — Grok-4 analysis
[2026-05-14 13:54:48] ⚖️ Found 5 cube(s) pending trial
[2026-05-14 13:54:48]   🚀 Triggering trial for test_trial_v2...
[2026-05-14 13:55:48]   ❌ Trial check error: HTTP Error 504: Gateway Time-out
[2026-05-14 13:55:53]   📦 cube_fibonacci_java_01_v1
[2026-05-14 13:59:20] 🛡️ SKV Evolver v1.1 — Grok-4 + Auto-Trial Trigger (every 4h)
[2026-05-14 13:59:20] System load: 7%
[2026-05-14 13:59:20] ==================================================
[2026-05-14 13:59:20] 🔍 Deep audit cycle — Grok-4 analysis
[2026-05-14 13:59:20] ⚖️ Found 5 cube(s) pending trial
[2026-05-14 13:59:20]   🚀 Triggering trial for test_trial_v2...
[2026-05-14 14:00:17]   ⚖️ Trial complete — Verdict: fix
[2026-05-14 14:00:17]   🚀 Triggering trial for test_trial_auto_001...
[2026-05-14 14:00:18]   ⚖️ Trial complete — Verdict: fix
[2026-05-14 14:00:18]   🚀 Triggering trial for cube_const_anti_jailbreak_v1...
[2026-05-14 14:01:18]   ❌ Trial check error: HTTP Error 504: Gateway Time-out
[2026-05-14 14:01:28] ❌ Search error: The read operation timed out
[2026-05-14 14:01:28] ❌ No eligible cubes found
[2026-05-14 14:01:28] 💤 Sleeping 4 hours...
[2026-05-14 17:01:16] 🛡️ SKV Evolver v1.1 — Grok-4 + Auto-Trial Trigger (every 4h)
[2026-05-14 17:01:16] System load: 0%
[2026-05-14 17:01:16] ==================================================
[2026-05-14 17:12:20] 🛡️ SKV Evolver v1.1 — Grok-4 + Auto-Trial Trigger (every 4h)
[2026-05-14 17:12:20] System load: 0%
[2026-05-14 17:12:20] ==================================================
[2026-05-14 17:12:20]   ❌ Fixer check error: No module named 'psycopg2'
[2026-05-14 17:12:20] 🔍 Deep audit cycle — Grok-4 analysis
[2026-05-14 17:12:20] ⚖️ Found 5 cube(s) pending trial
[2026-05-14 17:12:20]   🚀 Triggering trial for test_trial_v2...
[2026-05-14 17:13:26] 🛡️ SKV Evolver v1.1 — Grok-4 + Auto-Trial Trigger (every 4h)
[2026-05-14 17:13:26] System load: 24%
[2026-05-14 17:13:26] ==================================================
[2026-05-14 17:13:26]   ❌ Fixer check error: No module named 'psycopg2'
[2026-05-14 17:13:26] 🔍 Deep audit cycle — Grok-4 analysis
[2026-05-14 17:13:36]   ❌ Trial check error: The read operation timed out
[2026-05-14 17:13:46] ❌ Search error: The read operation timed out
[2026-05-14 17:13:46] ❌ No eligible cubes found
[2026-05-14 17:13:46] 💤 Sleeping 4 hours...
[2026-05-14 17:14:42] 🛡️ SKV Evolver v1.1 — Grok-4 + Auto-Trial Trigger (every 4h)
[2026-05-14 17:14:42] System load: 7%
[2026-05-14 17:14:42] ==================================================
[2026-05-14 17:14:42]   ❌ Fixer check error: column "fixed_cube" does not exist
LINE 6:             AND fixed_cube IS NULL
                      
[2026-05-14 17:14:42] 🔍 Deep audit cycle — Grok-4 analysis
[2026-05-14 17:14:52]   ❌ Trial check error: The read operation timed out
[2026-05-14 17:15:02] ❌ Search error: The read operation timed out
[2026-05-14 17:15:02] ❌ No eligible cubes found
[2026-05-14 17:15:02] 💤 Sleeping 4 hours...
[2026-05-14 17:15:40] 🛡️ SKV Evolver v1.1 — Grok-4 + Auto-Trial Trigger (every 4h)
[2026-05-14 17:15:40] System load: 17%
[2026-05-14 17:15:40] ==================================================
[2026-05-14 17:15:40]   ❌ Fixer save error: name 'SKV_UPLOAD' is not defined
[2026-05-14 17:15:40] 🔍 Deep audit cycle — Grok-4 analysis
[2026-05-14 17:15:50]   ❌ Trial check error: The read operation timed out
[2026-05-14 17:16:00] ❌ Search error: The read operation timed out
[2026-05-14 17:16:00] ❌ No eligible cubes found
[2026-05-14 17:16:00] 💤 Sleeping 4 hours...
[2026-05-14 17:16:27] 🛡️ SKV Evolver v1.1 — Grok-4 + Auto-Trial Trigger (every 4h)
[2026-05-14 17:16:27] System load: 11%
[2026-05-14 17:16:27] ==================================================
[2026-05-14 17:16:57]   ❌ Fixer save error: The read operation timed out
[2026-05-14 17:16:57] 🔍 Deep audit cycle — Grok-4 analysis
[2026-05-14 17:17:07]   ❌ Trial check error: The read operation timed out
[2026-05-14 17:17:17] ❌ Search error: The read operation timed out
[2026-05-14 17:17:17] ❌ No eligible cubes found
[2026-05-14 17:17:17] 💤 Sleeping 4 hours...
[2026-05-14 17:19:54] 🛡️ SKV Evolver v1.1 — Grok-4 + Auto-Trial Trigger (every 4h)
[2026-05-14 17:19:54] System load: 0%
[2026-05-14 17:19:54] ==================================================
[2026-05-14 17:19:54]   ✅ Fixed cube saved: cube_exp_persona_test_003_fixed_v2
[2026-05-14 17:19:54] 🔍 Deep audit cycle — Grok-4 analysis
[2026-05-14 17:19:55] ⚖️ Found 5 cube(s) pending trial
[2026-05-14 17:19:55]   🚀 Triggering trial for test_trial_v2...
[2026-05-14 17:21:55]   ❌ Trial check error: The read operation timed out
[2026-05-14 17:21:58]   📦 cube_php_form_addition_01_v1
[2026-05-14 17:21:59]   📝 
[2026-05-14 17:22:00]   📦 anketa_standard_v2_1
[2026-05-14 22:12:49] 🛡️ SKV Evolver v1.1 — Grok-4 + Auto-Trial Trigger (every 4h)
[2026-05-14 22:12:49] System load: 7%
[2026-05-14 22:12:49] ==================================================
[2026-05-14 22:12:49]   ✅ Fixed cube saved: cube_exp_test_trial_v2_fixed_v2
[2026-05-14 22:12:49] 🔍 Deep audit cycle — Grok-4 analysis
[2026-05-14 22:12:49] ⚖️ Found 5 cube(s) pending trial
[2026-05-14 22:12:49]   🚀 Triggering trial for test_trial_v2...
[2026-05-14 22:14:49]   ❌ Trial check error: The read operation timed out
[2026-05-14 22:14:59] ❌ Search error: The read operation timed out
[2026-05-14 22:14:59] ❌ No eligible cubes found
[2026-05-14 22:14:59] 💤 Sleeping 4 hours...
[2026-05-15 02:14:59] System load: 4%
[2026-05-15 02:14:59] ==================================================
[2026-05-15 02:14:59] 🔍 Deep audit cycle — Grok-4 analysis
[2026-05-15 02:15:00] ⚖️ Found 5 cube(s) pending trial
[2026-05-15 02:15:00]   🚀 Triggering trial for test_trial_v2...
[2026-05-15 02:17:00]   ❌ Trial check error: The read operation timed out
[2026-05-15 02:17:10] ❌ Search error: The read operation timed out
[2026-05-15 02:17:10] ❌ No eligible cubes found
[2026-05-15 02:17:10] 💤 Sleeping 4 hours...
[2026-05-15 06:17:10] System load: 2%
[2026-05-15 06:17:10] ==================================================
[2026-05-15 06:17:10] 🔍 Deep audit cycle — Grok-4 analysis
[2026-05-15 06:17:10] ⚖️ Found 5 cube(s) pending trial
[2026-05-15 06:17:10]   🚀 Triggering trial for test_trial_v2...
[2026-05-15 06:18:06]   ⚖️ Trial complete — Verdict: fix
[2026-05-15 06:18:06]   🚀 Triggering trial for test_trial_auto_001...
[2026-05-15 06:18:08]   ⚖️ Trial complete — Verdict: fix
[2026-05-15 06:18:08]   🚀 Triggering trial for cube_const_anti_jailbreak_v1...
[2026-05-15 06:20:08]   ❌ Trial check error: The read operation timed out
[2026-05-15 06:20:18] ❌ Search error: The read operation timed out
[2026-05-15 06:20:18] ❌ No eligible cubes found
[2026-05-15 06:20:18] 💤 Sleeping 4 hours...
[2026-05-15 10:20:18] System load: 6%
[2026-05-15 10:20:18] ==================================================
[2026-05-15 10:20:18] 🔍 Deep audit cycle — Grok-4 analysis
[2026-05-15 10:20:18] ⚖️ Found 5 cube(s) pending trial
[2026-05-15 10:20:18]   🚀 Triggering trial for test_trial_v2...
[2026-05-15 10:22:03]   ⚖️ Trial complete — Verdict: remove
[2026-05-15 10:22:03]   🚀 Triggering trial for test_trial_auto_001...
[2026-05-15 10:22:04]   ⚖️ Trial complete — Verdict: fix
[2026-05-15 10:22:04]   🚀 Triggering trial for cube_const_anti_jailbreak_v1...
[2026-05-15 10:24:04]   ❌ Trial check error: The read operation timed out
[2026-05-15 10:24:14] ❌ Search error: The read operation timed out
[2026-05-15 10:24:14] ❌ No eligible cubes found
[2026-05-15 10:24:14] 💤 Sleeping 4 hours...
[2026-05-15 14:24:14] System load: 4%
[2026-05-15 14:24:14] ==================================================
[2026-05-15 14:24:14] 🔍 Deep audit cycle — Grok-4 analysis
[2026-05-15 14:24:14] ⚖️ Found 5 cube(s) pending trial
[2026-05-15 14:24:14]   🚀 Triggering trial for test_trial_v2...
[2026-05-15 14:26:14]   ❌ Trial check error: The read operation timed out
[2026-05-15 14:26:24] ❌ Search error: The read operation timed out
[2026-05-15 14:26:24] ❌ No eligible cubes found
[2026-05-15 14:26:24] 💤 Sleeping 4 hours...
[2026-05-15 18:26:24] System load: 8%
[2026-05-15 18:26:24] ==================================================
[2026-05-15 18:26:24] 🔍 Deep audit cycle — Grok-4 analysis
[2026-05-15 18:26:24] ⚖️ Found 5 cube(s) pending trial
[2026-05-15 18:26:24]   🚀 Triggering trial for test_trial_v2...
[2026-05-15 18:28:18]   ⚖️ Trial complete — Verdict: fix
[2026-05-15 18:28:18]   🚀 Triggering trial for test_trial_auto_001...
[2026-05-15 18:28:19]   ⚖️ Trial complete — Verdict: fix
[2026-05-15 18:28:19]   🚀 Triggering trial for cube_const_anti_jailbreak_v1...
[2026-05-15 18:30:17]   ⚖️ Trial complete — Verdict: fix
[2026-05-15 18:30:17]   🚀 Triggering trial for persona_test_003...
[2026-05-15 18:32:13]   ⚖️ Trial complete — Verdict: remove
[2026-05-15 18:32:13]   🚀 Triggering trial for cube_php_form_addition_01_v1...
[2026-05-15 18:34:13]   ❌ Trial check error: The read operation timed out
[2026-05-15 18:34:23] ❌ Search error: The read operation timed out
[2026-05-15 18:34:23] ❌ No eligible cubes found
[2026-05-15 18:34:23] 💤 Sleeping 4 hours...
[2026-05-15 22:34:23] System load: 0%
[2026-05-15 22:34:23] ==================================================
[2026-05-15 22:34:23] 🔍 Deep audit cycle — Grok-4 analysis
[2026-05-15 22:34:23] ⚖️ Found 5 cube(s) pending trial
[2026-05-15 22:34:23]   🚀 Triggering trial for test_trial_v2...
[2026-05-15 22:35:23]   ⚖️ Trial complete — Verdict: fix
[2026-05-15 22:35:23]   🚀 Triggering trial for test_trial_auto_001...
[2026-05-15 22:35:23]   ⚖️ Trial complete — Verdict: fix
[2026-05-15 22:35:23]   🚀 Triggering trial for cube_const_anti_jailbreak_v1...
[2026-05-15 22:36:17]   ⚖️ Trial complete — Verdict: fix
[2026-05-15 22:36:17]   🚀 Triggering trial for persona_test_003...
[2026-05-15 22:37:04]   ⚖️ Trial complete — Verdict: remove
[2026-05-15 22:37:04]   🚀 Triggering trial for cube_php_form_addition_01_v1...
[2026-05-15 22:37:44]   ⚖️ Trial complete — Verdict: fix
[2026-05-15 22:37:44]   📦 cube_sql_avg_calc_01_v1
[2026-05-16 14:04:03] 🛡️ SKV Evolver v1.1 — Grok-4 + Auto-Trial Trigger (every 4h)
[2026-05-16 14:04:03] System load: 0%
[2026-05-16 14:04:03] ==================================================
[2026-05-16 14:04:03] 🔍 Deep audit cycle — Grok-4 analysis
[2026-05-16 14:04:03] ⚖️ Found 5 cube(s) pending trial
[2026-05-16 14:04:03]   🚀 Triggering trial for test_trial_v2...
[2026-05-16 14:04:03]   ⚖️ Trial complete — Verdict: fix
[2026-05-16 14:04:03]   🚀 Triggering trial for test_trial_auto_001...
[2026-05-16 14:04:03]   ⚖️ Trial complete — Verdict: fix
[2026-05-16 14:04:03]   🚀 Triggering trial for cube_const_anti_jailbreak_v1...
