nohup: ignoring input
Loaded 1000 dialogues from /root/skv-core/data/dialogues/code_alpaca_20k.json
✓ [1/1000] 1 cube(s)
✓ [2/1000] 1 cube(s)
✓ [3/1000] 1 cube(s)
✓ [4/1000] 1 cube(s)
✓ [5/1000] 1 cube(s)
✓ [6/1000] 1 cube(s)
✓ [7/1000] 1 cube(s)
✓ [8/1000] 1 cube(s)
✓ [9/1000] 1 cube(s)
✓ [10/1000] 1 cube(s)
✓ [11/1000] 1 cube(s)
✓ [12/1000] 1 cube(s)
✓ [13/1000] 1 cube(s)
✓ [14/1000] 1 cube(s)
✓ [15/1000] 1 cube(s)
✓ [16/1000] 1 cube(s)
✓ [17/1000] 1 cube(s)
✓ [18/1000] 1 cube(s)
✓ [19/1000] 1 cube(s)
✓ [20/1000] 1 cube(s)
✓ [21/1000] 1 cube(s)
✓ [22/1000] 1 cube(s)
✓ [23/1000] 1 cube(s)
✓ [24/1000] 1 cube(s)
✓ [25/1000] 1 cube(s)
✓ [26/1000] 1 cube(s)
✓ [27/1000] 1 cube(s)
✓ [28/1000] 1 cube(s)
✓ [29/1000] 1 cube(s)
✓ [30/1000] 1 cube(s)
✓ [31/1000] 1 cube(s)
✓ [32/1000] 1 cube(s)
✓ [33/1000] 1 cube(s)
✓ [34/1000] 1 cube(s)
✓ [35/1000] 1 cube(s)
✓ [36/1000] 1 cube(s)
✓ [37/1000] 1 cube(s)
✗ [38/1000] The read operation timed out
✓ [39/1000] 1 cube(s)
✓ [40/1000] 1 cube(s)
✓ [41/1000] 1 cube(s)
✓ [42/1000] 1 cube(s)
✓ [43/1000] 1 cube(s)
✓ [44/1000] 1 cube(s)
✓ [45/1000] 1 cube(s)
✓ [46/1000] 1 cube(s)
✓ [47/1000] 1 cube(s)
✓ [48/1000] 1 cube(s)
✓ [49/1000] 1 cube(s)
✓ [50/1000] 1 cube(s)
✓ [51/1000] 1 cube(s)
✓ [52/1000] 1 cube(s)
✓ [53/1000] 1 cube(s)
✓ [54/1000] 1 cube(s)
✓ [55/1000] 1 cube(s)
✓ [56/1000] 1 cube(s)
✓ [57/1000] 1 cube(s)
✓ [58/1000] 1 cube(s)
✓ [59/1000] 1 cube(s)
✓ [60/1000] 1 cube(s)
✓ [61/1000] 1 cube(s)
✓ [62/1000] 1 cube(s)
✓ [63/1000] 1 cube(s)
✓ [64/1000] 1 cube(s)
✓ [65/1000] 2 cube(s)
✓ [66/1000] 1 cube(s)
✓ [67/1000] 1 cube(s)
✓ [68/1000] 1 cube(s)
✓ [69/1000] 1 cube(s)
✓ [70/1000] 1 cube(s)
✓ [71/1000] 1 cube(s)
✓ [72/1000] 1 cube(s)
✓ [73/1000] 1 cube(s)
✓ [74/1000] 1 cube(s)
✓ [75/1000] 1 cube(s)
✓ [76/1000] 1 cube(s)
✓ [77/1000] 1 cube(s)
✓ [78/1000] 1 cube(s)
✓ [79/1000] 1 cube(s)
✓ [80/1000] 1 cube(s)
✓ [81/1000] 1 cube(s)
✓ [82/1000] 1 cube(s)
✓ [83/1000] 1 cube(s)
✓ [84/1000] 1 cube(s)
✓ [85/1000] 1 cube(s)
✓ [86/1000] 1 cube(s)
✓ [87/1000] 1 cube(s)
✓ [88/1000] 1 cube(s)
✗ [89/1000] The read operation timed out
✓ [90/1000] 1 cube(s)
✓ [91/1000] 1 cube(s)
✓ [92/1000] 1 cube(s)
○ [93/1000] no rules
✓ [94/1000] 1 cube(s)
✓ [95/1000] 1 cube(s)
✓ [96/1000] 1 cube(s)
✓ [97/1000] 1 cube(s)
✓ [98/1000] 1 cube(s)
✓ [99/1000] 1 cube(s)
✗ [100/1000] HTTP Error 500: Internal Server Error
✓ [101/1000] 1 cube(s)
✓ [102/1000] 1 cube(s)
✓ [103/1000] 1 cube(s)
✓ [104/1000] 1 cube(s)
✓ [105/1000] 1 cube(s)
✓ [106/1000] 1 cube(s)
✓ [107/1000] 1 cube(s)
✓ [108/1000] 1 cube(s)
✓ [109/1000] 1 cube(s)
✓ [110/1000] 1 cube(s)
✓ [111/1000] 1 cube(s)
✓ [112/1000] 1 cube(s)
✓ [113/1000] 1 cube(s)
✓ [114/1000] 1 cube(s)
✓ [115/1000] 1 cube(s)
✓ [116/1000] 1 cube(s)
✓ [117/1000] 1 cube(s)
✓ [118/1000] 1 cube(s)
✓ [119/1000] 1 cube(s)
✓ [120/1000] 1 cube(s)
✗ [121/1000] The read operation timed out
✓ [122/1000] 1 cube(s)
✓ [123/1000] 1 cube(s)
✓ [124/1000] 1 cube(s)
✓ [125/1000] 1 cube(s)
✓ [126/1000] 1 cube(s)
✓ [127/1000] 1 cube(s)
✓ [128/1000] 1 cube(s)
✓ [129/1000] 1 cube(s)
✓ [130/1000] 1 cube(s)
✓ [131/1000] 1 cube(s)
✓ [132/1000] 1 cube(s)
✓ [133/1000] 1 cube(s)
✓ [134/1000] 1 cube(s)
✓ [135/1000] 1 cube(s)
✓ [136/1000] 1 cube(s)
✓ [137/1000] 1 cube(s)
✓ [138/1000] 1 cube(s)
✓ [139/1000] 1 cube(s)
✓ [140/1000] 1 cube(s)
✓ [141/1000] 1 cube(s)
✓ [142/1000] 1 cube(s)
✓ [143/1000] 1 cube(s)
✓ [144/1000] 1 cube(s)
✓ [145/1000] 1 cube(s)
✓ [146/1000] 1 cube(s)
✓ [147/1000] 1 cube(s)
✓ [148/1000] 1 cube(s)
✓ [149/1000] 1 cube(s)
✓ [150/1000] 1 cube(s)
✓ [151/1000] 1 cube(s)
✓ [152/1000] 1 cube(s)
✓ [153/1000] 1 cube(s)
✓ [154/1000] 1 cube(s)
✓ [155/1000] 1 cube(s)
✓ [156/1000] 1 cube(s)
✓ [157/1000] 1 cube(s)
✓ [158/1000] 1 cube(s)
✓ [159/1000] 1 cube(s)
✓ [160/1000] 1 cube(s)
✓ [161/1000] 1 cube(s)
✓ [162/1000] 1 cube(s)
✓ [163/1000] 1 cube(s)
✓ [164/1000] 1 cube(s)
✓ [165/1000] 1 cube(s)
✓ [166/1000] 1 cube(s)
✓ [167/1000] 1 cube(s)
✓ [168/1000] 1 cube(s)
✓ [169/1000] 1 cube(s)
✓ [170/1000] 1 cube(s)
✓ [171/1000] 1 cube(s)
✓ [172/1000] 1 cube(s)
✓ [173/1000] 1 cube(s)
✓ [174/1000] 1 cube(s)
✓ [175/1000] 1 cube(s)
✓ [176/1000] 1 cube(s)
✓ [177/1000] 1 cube(s)
✓ [178/1000] 1 cube(s)
✓ [179/1000] 1 cube(s)
✓ [180/1000] 1 cube(s)
✓ [181/1000] 1 cube(s)
✓ [182/1000] 1 cube(s)
✓ [183/1000] 1 cube(s)
✓ [184/1000] 1 cube(s)
✓ [185/1000] 1 cube(s)
✓ [186/1000] 1 cube(s)
✗ [187/1000] The read operation timed out
○ [188/1000] no rules
✓ [189/1000] 1 cube(s)
✓ [190/1000] 1 cube(s)
✓ [191/1000] 1 cube(s)
✓ [192/1000] 1 cube(s)
✓ [193/1000] 1 cube(s)
✓ [194/1000] 1 cube(s)
✓ [195/1000] 1 cube(s)
✓ [196/1000] 1 cube(s)
✓ [197/1000] 1 cube(s)
✓ [198/1000] 1 cube(s)
✓ [199/1000] 1 cube(s)
✓ [200/1000] 1 cube(s)
✓ [201/1000] 1 cube(s)
✓ [202/1000] 1 cube(s)
✓ [203/1000] 1 cube(s)
✓ [204/1000] 1 cube(s)
✓ [205/1000] 1 cube(s)
✓ [206/1000] 1 cube(s)
✓ [207/1000] 1 cube(s)
✓ [208/1000] 1 cube(s)
✓ [209/1000] 1 cube(s)
✓ [210/1000] 1 cube(s)
✓ [211/1000] 1 cube(s)
✓ [212/1000] 1 cube(s)
✓ [213/1000] 1 cube(s)
✓ [214/1000] 1 cube(s)
✓ [215/1000] 1 cube(s)
✓ [216/1000] 1 cube(s)
✓ [217/1000] 1 cube(s)
✓ [218/1000] 1 cube(s)
✓ [219/1000] 1 cube(s)
✓ [220/1000] 1 cube(s)
○ [221/1000] no rules
✓ [222/1000] 1 cube(s)
✓ [223/1000] 1 cube(s)
✓ [224/1000] 1 cube(s)
○ [225/1000] no rules
○ [226/1000] no rules
✓ [227/1000] 1 cube(s)
✓ [228/1000] 1 cube(s)
○ [229/1000] no rules
✓ [230/1000] 1 cube(s)
○ [231/1000] no rules
✓ [232/1000] 1 cube(s)
✓ [233/1000] 1 cube(s)
✓ [234/1000] 1 cube(s)
✓ [235/1000] 1 cube(s)
✓ [236/1000] 1 cube(s)
✓ [237/1000] 1 cube(s)
✓ [238/1000] 1 cube(s)
✓ [239/1000] 1 cube(s)
✓ [240/1000] 1 cube(s)
✓ [241/1000] 1 cube(s)
✓ [242/1000] 1 cube(s)
✓ [243/1000] 1 cube(s)
✓ [244/1000] 1 cube(s)
✓ [245/1000] 1 cube(s)
✓ [246/1000] 1 cube(s)
✓ [247/1000] 1 cube(s)
✓ [248/1000] 1 cube(s)
✓ [249/1000] 1 cube(s)
✓ [250/1000] 1 cube(s)
✓ [251/1000] 1 cube(s)
✓ [252/1000] 1 cube(s)
✓ [253/1000] 1 cube(s)
✓ [254/1000] 1 cube(s)
✓ [255/1000] 1 cube(s)
✓ [256/1000] 1 cube(s)
✓ [257/1000] 1 cube(s)
✓ [258/1000] 1 cube(s)
✓ [259/1000] 1 cube(s)
✓ [260/1000] 1 cube(s)
✗ [261/1000] HTTP Error 429: Too Many Requests
✓ [262/1000] 1 cube(s)
✓ [263/1000] 1 cube(s)
✓ [264/1000] 1 cube(s)
✓ [265/1000] 1 cube(s)
✓ [266/1000] 1 cube(s)
✓ [267/1000] 1 cube(s)
✓ [268/1000] 1 cube(s)
✓ [269/1000] 1 cube(s)
✓ [270/1000] 1 cube(s)
✓ [271/1000] 1 cube(s)
✓ [272/1000] 1 cube(s)
✓ [273/1000] 1 cube(s)
✓ [274/1000] 1 cube(s)
✓ [275/1000] 1 cube(s)
✓ [276/1000] 1 cube(s)
✓ [277/1000] 1 cube(s)
✓ [278/1000] 1 cube(s)
✓ [279/1000] 1 cube(s)
✓ [280/1000] 1 cube(s)
✓ [281/1000] 1 cube(s)
✓ [282/1000] 1 cube(s)
✓ [283/1000] 1 cube(s)
✓ [284/1000] 1 cube(s)
✓ [285/1000] 1 cube(s)
✓ [286/1000] 1 cube(s)
✓ [287/1000] 1 cube(s)
✓ [288/1000] 1 cube(s)
✓ [289/1000] 1 cube(s)
✓ [290/1000] 1 cube(s)
✓ [291/1000] 1 cube(s)
✓ [292/1000] 1 cube(s)
✓ [293/1000] 1 cube(s)
✓ [294/1000] 1 cube(s)
✓ [295/1000] 1 cube(s)
✓ [296/1000] 1 cube(s)
✗ [297/1000] The read operation timed out
✓ [298/1000] 1 cube(s)
✓ [299/1000] 1 cube(s)
○ [300/1000] no rules
○ [301/1000] no rules
✓ [302/1000] 1 cube(s)
✓ [303/1000] 1 cube(s)
✓ [304/1000] 1 cube(s)
✓ [305/1000] 1 cube(s)
✓ [306/1000] 1 cube(s)
✓ [307/1000] 1 cube(s)
✓ [308/1000] 1 cube(s)
✓ [309/1000] 1 cube(s)
✓ [310/1000] 1 cube(s)
✓ [311/1000] 1 cube(s)
✓ [312/1000] 1 cube(s)
✓ [313/1000] 1 cube(s)
✓ [314/1000] 1 cube(s)
✓ [315/1000] 1 cube(s)
✓ [316/1000] 1 cube(s)
✓ [317/1000] 1 cube(s)
✓ [318/1000] 1 cube(s)
✓ [319/1000] 1 cube(s)
✓ [320/1000] 1 cube(s)
✓ [321/1000] 1 cube(s)
✓ [322/1000] 1 cube(s)
✓ [323/1000] 1 cube(s)
✓ [324/1000] 1 cube(s)
✓ [325/1000] 1 cube(s)
✓ [326/1000] 1 cube(s)
✓ [327/1000] 1 cube(s)
✓ [328/1000] 1 cube(s)
✓ [329/1000] 1 cube(s)
✓ [330/1000] 1 cube(s)
✓ [331/1000] 1 cube(s)
✓ [332/1000] 1 cube(s)
✓ [333/1000] 1 cube(s)
✓ [334/1000] 1 cube(s)
✓ [335/1000] 1 cube(s)
✓ [336/1000] 1 cube(s)
✓ [337/1000] 1 cube(s)
✓ [338/1000] 1 cube(s)
✓ [339/1000] 1 cube(s)
✓ [340/1000] 1 cube(s)
✓ [341/1000] 1 cube(s)
✓ [342/1000] 1 cube(s)
✓ [343/1000] 1 cube(s)
✓ [344/1000] 1 cube(s)
✓ [345/1000] 1 cube(s)
✓ [346/1000] 1 cube(s)
✓ [347/1000] 1 cube(s)
✓ [348/1000] 1 cube(s)
✓ [349/1000] 1 cube(s)
○ [350/1000] no rules
✓ [351/1000] 1 cube(s)
✓ [352/1000] 1 cube(s)
✓ [353/1000] 1 cube(s)
○ [354/1000] no rules
✓ [355/1000] 1 cube(s)
✓ [356/1000] 1 cube(s)
✓ [357/1000] 1 cube(s)
✓ [358/1000] 1 cube(s)
✓ [359/1000] 1 cube(s)
✓ [360/1000] 1 cube(s)
✓ [361/1000] 1 cube(s)
✗ [362/1000] The read operation timed out
✓ [363/1000] 1 cube(s)
✓ [364/1000] 1 cube(s)
○ [365/1000] no rules
✓ [366/1000] 1 cube(s)
✓ [367/1000] 1 cube(s)
✓ [368/1000] 1 cube(s)
○ [369/1000] no rules
✓ [370/1000] 1 cube(s)
✗ [371/1000] The read operation timed out
✓ [372/1000] 1 cube(s)
✓ [373/1000] 1 cube(s)
✓ [374/1000] 1 cube(s)
○ [375/1000] no rules
✓ [376/1000] 1 cube(s)
✓ [377/1000] 1 cube(s)
○ [378/1000] no rules
✓ [379/1000] 1 cube(s)
○ [380/1000] no rules
✓ [381/1000] 1 cube(s)
✓ [382/1000] 1 cube(s)
✓ [383/1000] 1 cube(s)
✓ [384/1000] 1 cube(s)
✓ [385/1000] 1 cube(s)
✗ [386/1000] The read operation timed out
✓ [387/1000] 1 cube(s)
✓ [388/1000] 1 cube(s)
✓ [389/1000] 1 cube(s)
✓ [390/1000] 1 cube(s)
✓ [391/1000] 1 cube(s)
✓ [392/1000] 1 cube(s)
✓ [393/1000] 1 cube(s)
✓ [394/1000] 1 cube(s)
✓ [395/1000] 1 cube(s)
✗ [396/1000] The read operation timed out
✓ [397/1000] 1 cube(s)
✓ [398/1000] 1 cube(s)
✓ [399/1000] 1 cube(s)
✓ [400/1000] 1 cube(s)
✓ [401/1000] 1 cube(s)
✓ [402/1000] 1 cube(s)
✓ [403/1000] 1 cube(s)
✓ [404/1000] 1 cube(s)
✓ [405/1000] 1 cube(s)
✓ [406/1000] 1 cube(s)
✓ [407/1000] 1 cube(s)
✓ [408/1000] 1 cube(s)
✓ [409/1000] 1 cube(s)
✓ [410/1000] 1 cube(s)
✓ [411/1000] 1 cube(s)
✓ [412/1000] 1 cube(s)
✓ [413/1000] 1 cube(s)
✓ [414/1000] 1 cube(s)
✓ [415/1000] 1 cube(s)
✓ [416/1000] 1 cube(s)
✓ [417/1000] 1 cube(s)
✓ [418/1000] 1 cube(s)
✓ [419/1000] 1 cube(s)
✓ [420/1000] 1 cube(s)
✓ [421/1000] 1 cube(s)
✓ [422/1000] 1 cube(s)
✓ [423/1000] 1 cube(s)
✓ [424/1000] 1 cube(s)
✓ [425/1000] 1 cube(s)
✓ [426/1000] 1 cube(s)
✓ [427/1000] 1 cube(s)
✓ [428/1000] 1 cube(s)
✓ [429/1000] 1 cube(s)
✓ [430/1000] 1 cube(s)
✓ [431/1000] 1 cube(s)
✓ [432/1000] 1 cube(s)
✓ [433/1000] 1 cube(s)
○ [434/1000] no rules
✓ [435/1000] 1 cube(s)
✓ [436/1000] 1 cube(s)
✓ [437/1000] 1 cube(s)
✓ [438/1000] 1 cube(s)
○ [439/1000] no rules
✓ [440/1000] 1 cube(s)
✓ [441/1000] 1 cube(s)
✓ [442/1000] 1 cube(s)
✓ [443/1000] 1 cube(s)
✓ [444/1000] 1 cube(s)
✓ [445/1000] 1 cube(s)
✓ [446/1000] 1 cube(s)
○ [447/1000] no rules
✓ [448/1000] 1 cube(s)
✓ [449/1000] 1 cube(s)
✓ [450/1000] 1 cube(s)
✓ [451/1000] 1 cube(s)
✓ [452/1000] 1 cube(s)
✓ [453/1000] 1 cube(s)
✓ [454/1000] 1 cube(s)
✓ [455/1000] 1 cube(s)
✓ [456/1000] 1 cube(s)
✓ [457/1000] 1 cube(s)
✓ [458/1000] 1 cube(s)
✓ [459/1000] 1 cube(s)
✓ [460/1000] 1 cube(s)
✓ [461/1000] 1 cube(s)
✓ [462/1000] 1 cube(s)
✓ [463/1000] 1 cube(s)
✓ [464/1000] 1 cube(s)
✓ [465/1000] 1 cube(s)
✓ [466/1000] 1 cube(s)
✓ [467/1000] 1 cube(s)
✓ [468/1000] 1 cube(s)
✓ [469/1000] 1 cube(s)
✓ [470/1000] 1 cube(s)
✓ [471/1000] 1 cube(s)
✓ [472/1000] 1 cube(s)
✓ [473/1000] 1 cube(s)
✓ [474/1000] 1 cube(s)
✓ [475/1000] 1 cube(s)
✓ [476/1000] 1 cube(s)
✓ [477/1000] 1 cube(s)
○ [478/1000] no rules
✓ [479/1000] 1 cube(s)
✓ [480/1000] 1 cube(s)
✓ [481/1000] 1 cube(s)
✓ [482/1000] 1 cube(s)
○ [483/1000] no rules
✓ [484/1000] 1 cube(s)
✓ [485/1000] 1 cube(s)
✓ [486/1000] 1 cube(s)
✓ [487/1000] 1 cube(s)
✓ [488/1000] 1 cube(s)
✓ [489/1000] 1 cube(s)
✓ [490/1000] 1 cube(s)
✓ [491/1000] 1 cube(s)
✓ [492/1000] 1 cube(s)
✓ [493/1000] 1 cube(s)
✓ [494/1000] 1 cube(s)
✓ [495/1000] 1 cube(s)
✓ [496/1000] 1 cube(s)
✓ [497/1000] 1 cube(s)
✓ [498/1000] 1 cube(s)
✓ [499/1000] 1 cube(s)
✓ [500/1000] 1 cube(s)
✓ [501/1000] 1 cube(s)
✓ [502/1000] 1 cube(s)
✓ [503/1000] 1 cube(s)
✓ [504/1000] 1 cube(s)
✓ [505/1000] 1 cube(s)
✓ [506/1000] 1 cube(s)
✓ [507/1000] 1 cube(s)
✓ [508/1000] 1 cube(s)
✓ [509/1000] 1 cube(s)
✓ [510/1000] 1 cube(s)
✓ [511/1000] 1 cube(s)
✓ [512/1000] 1 cube(s)
✓ [513/1000] 1 cube(s)
✓ [514/1000] 1 cube(s)
✓ [515/1000] 1 cube(s)
✓ [516/1000] 1 cube(s)
✓ [517/1000] 1 cube(s)
✓ [518/1000] 1 cube(s)
✓ [519/1000] 1 cube(s)
✓ [520/1000] 1 cube(s)
✓ [521/1000] 1 cube(s)
✓ [522/1000] 1 cube(s)
✓ [523/1000] 1 cube(s)
✓ [524/1000] 1 cube(s)
✓ [525/1000] 1 cube(s)
✓ [526/1000] 1 cube(s)
✗ [527/1000] The read operation timed out
✓ [528/1000] 1 cube(s)
✓ [529/1000] 1 cube(s)
✓ [530/1000] 1 cube(s)
✓ [531/1000] 1 cube(s)
✓ [532/1000] 1 cube(s)
✓ [533/1000] 1 cube(s)
✓ [534/1000] 1 cube(s)
✓ [535/1000] 1 cube(s)
✓ [536/1000] 1 cube(s)
✓ [537/1000] 1 cube(s)
✓ [538/1000] 1 cube(s)
✓ [539/1000] 1 cube(s)
✓ [540/1000] 1 cube(s)
✓ [541/1000] 1 cube(s)
✓ [542/1000] 1 cube(s)
✓ [543/1000] 1 cube(s)
✗ [544/1000] The read operation timed out
✓ [545/1000] 1 cube(s)
✓ [546/1000] 1 cube(s)
✗ [547/1000] The read operation timed out
✓ [548/1000] 1 cube(s)
✓ [549/1000] 1 cube(s)
✓ [550/1000] 1 cube(s)
✓ [551/1000] 1 cube(s)
✓ [552/1000] 1 cube(s)
✗ [553/1000] The read operation timed out
✓ [554/1000] 1 cube(s)
✓ [555/1000] 1 cube(s)
✓ [556/1000] 1 cube(s)
✓ [557/1000] 1 cube(s)
✓ [558/1000] 1 cube(s)
✓ [559/1000] 1 cube(s)
✓ [560/1000] 1 cube(s)
✓ [561/1000] 1 cube(s)
○ [562/1000] no rules
✓ [563/1000] 1 cube(s)
✓ [564/1000] 1 cube(s)
✓ [565/1000] 1 cube(s)
✓ [566/1000] 1 cube(s)
✓ [567/1000] 1 cube(s)
✓ [568/1000] 1 cube(s)
✗ [569/1000] The read operation timed out
○ [570/1000] no rules
✓ [571/1000] 1 cube(s)
✓ [572/1000] 1 cube(s)
○ [573/1000] no rules
✓ [574/1000] 1 cube(s)
○ [575/1000] no rules
✓ [576/1000] 1 cube(s)
○ [577/1000] no rules
✓ [578/1000] 1 cube(s)
✓ [579/1000] 1 cube(s)
✓ [580/1000] 1 cube(s)
✓ [581/1000] 1 cube(s)
✓ [582/1000] 1 cube(s)
✓ [583/1000] 1 cube(s)
✓ [584/1000] 1 cube(s)
✓ [585/1000] 1 cube(s)
✗ [586/1000] HTTP Error 500: Internal Server Error
✓ [587/1000] 1 cube(s)
✓ [588/1000] 1 cube(s)
✓ [589/1000] 1 cube(s)
✓ [590/1000] 1 cube(s)
✓ [591/1000] 1 cube(s)
✓ [592/1000] 1 cube(s)
✓ [593/1000] 1 cube(s)
✓ [594/1000] 1 cube(s)
✓ [595/1000] 1 cube(s)
✓ [596/1000] 1 cube(s)
✗ [597/1000] The read operation timed out
✓ [598/1000] 1 cube(s)
✓ [599/1000] 1 cube(s)
✓ [600/1000] 1 cube(s)
✓ [601/1000] 1 cube(s)
✓ [602/1000] 1 cube(s)
✓ [603/1000] 1 cube(s)
✓ [604/1000] 1 cube(s)
✓ [605/1000] 1 cube(s)
✓ [606/1000] 1 cube(s)
✓ [607/1000] 1 cube(s)
✓ [608/1000] 1 cube(s)
✓ [609/1000] 1 cube(s)
✓ [610/1000] 1 cube(s)
✓ [611/1000] 1 cube(s)
✓ [612/1000] 1 cube(s)
✓ [613/1000] 1 cube(s)
✓ [614/1000] 1 cube(s)
✓ [615/1000] 1 cube(s)
✓ [616/1000] 1 cube(s)
✓ [617/1000] 1 cube(s)
✓ [618/1000] 1 cube(s)
✓ [619/1000] 1 cube(s)
✓ [620/1000] 1 cube(s)
✓ [621/1000] 1 cube(s)
✓ [622/1000] 1 cube(s)
✓ [623/1000] 1 cube(s)
✓ [624/1000] 1 cube(s)
✓ [625/1000] 1 cube(s)
✓ [626/1000] 1 cube(s)
✓ [627/1000] 1 cube(s)
✓ [628/1000] 1 cube(s)
✗ [629/1000] HTTP Error 500: Internal Server Error
✓ [630/1000] 1 cube(s)
○ [631/1000] no rules
✓ [632/1000] 1 cube(s)
✓ [633/1000] 1 cube(s)
✓ [634/1000] 1 cube(s)
✓ [635/1000] 1 cube(s)
○ [636/1000] no rules
✓ [637/1000] 1 cube(s)
✓ [638/1000] 1 cube(s)
✓ [639/1000] 1 cube(s)
✓ [640/1000] 1 cube(s)
✓ [641/1000] 1 cube(s)
✓ [642/1000] 1 cube(s)
✓ [643/1000] 1 cube(s)
✗ [644/1000] The read operation timed out
✓ [645/1000] 1 cube(s)
✓ [646/1000] 1 cube(s)
✓ [647/1000] 1 cube(s)
✓ [648/1000] 1 cube(s)
✓ [649/1000] 1 cube(s)
✓ [650/1000] 1 cube(s)
✓ [651/1000] 1 cube(s)
✓ [652/1000] 1 cube(s)
○ [653/1000] no rules
✓ [654/1000] 1 cube(s)
✓ [655/1000] 1 cube(s)
✓ [656/1000] 1 cube(s)
✓ [657/1000] 1 cube(s)
✓ [658/1000] 1 cube(s)
✓ [659/1000] 1 cube(s)
✓ [660/1000] 1 cube(s)
✓ [661/1000] 1 cube(s)
✓ [662/1000] 1 cube(s)
○ [663/1000] no rules
✓ [664/1000] 1 cube(s)
✓ [665/1000] 1 cube(s)
✓ [666/1000] 1 cube(s)
✓ [667/1000] 1 cube(s)
✓ [668/1000] 1 cube(s)
✓ [669/1000] 1 cube(s)
✓ [670/1000] 1 cube(s)
✓ [671/1000] 1 cube(s)
✓ [672/1000] 1 cube(s)
○ [673/1000] no rules
✓ [674/1000] 1 cube(s)
○ [675/1000] no rules
✓ [676/1000] 1 cube(s)
✓ [677/1000] 1 cube(s)
✓ [678/1000] 1 cube(s)
✓ [679/1000] 1 cube(s)
✓ [680/1000] 1 cube(s)
✓ [681/1000] 1 cube(s)
✓ [682/1000] 1 cube(s)
✓ [683/1000] 1 cube(s)
✓ [684/1000] 1 cube(s)
✓ [685/1000] 1 cube(s)
✓ [686/1000] 1 cube(s)
✓ [687/1000] 1 cube(s)
✓ [688/1000] 1 cube(s)
✓ [689/1000] 1 cube(s)
✓ [690/1000] 1 cube(s)
✓ [691/1000] 1 cube(s)
○ [692/1000] no rules
✓ [693/1000] 1 cube(s)
✓ [694/1000] 1 cube(s)
✓ [695/1000] 1 cube(s)
✓ [696/1000] 1 cube(s)
✓ [697/1000] 1 cube(s)
✓ [698/1000] 1 cube(s)
✓ [699/1000] 1 cube(s)
✓ [700/1000] 1 cube(s)
✓ [701/1000] 1 cube(s)
✓ [702/1000] 1 cube(s)
✓ [703/1000] 1 cube(s)
✓ [704/1000] 1 cube(s)
✓ [705/1000] 1 cube(s)
✓ [706/1000] 1 cube(s)
✓ [707/1000] 1 cube(s)
✓ [708/1000] 1 cube(s)
○ [709/1000] no rules
○ [710/1000] no rules
✓ [711/1000] 1 cube(s)
✓ [712/1000] 1 cube(s)
✓ [713/1000] 1 cube(s)
✓ [714/1000] 1 cube(s)
✓ [715/1000] 1 cube(s)
✗ [716/1000] HTTP Error 500: Internal Server Error
✓ [717/1000] 1 cube(s)
✓ [718/1000] 1 cube(s)
✓ [719/1000] 1 cube(s)
✓ [720/1000] 1 cube(s)
✓ [721/1000] 1 cube(s)
✓ [722/1000] 1 cube(s)
✓ [723/1000] 1 cube(s)
✓ [724/1000] 1 cube(s)
✓ [725/1000] 1 cube(s)
✓ [726/1000] 1 cube(s)
✓ [727/1000] 1 cube(s)
✓ [728/1000] 1 cube(s)
✓ [729/1000] 1 cube(s)
✓ [730/1000] 1 cube(s)
✓ [731/1000] 1 cube(s)
✓ [732/1000] 1 cube(s)
✓ [733/1000] 1 cube(s)
✓ [734/1000] 1 cube(s)
✓ [735/1000] 1 cube(s)
✓ [736/1000] 1 cube(s)
✓ [737/1000] 1 cube(s)
○ [738/1000] no rules
✓ [739/1000] 1 cube(s)
○ [740/1000] no rules
✓ [741/1000] 1 cube(s)
✓ [742/1000] 1 cube(s)
✓ [743/1000] 1 cube(s)
✓ [744/1000] 1 cube(s)
✓ [745/1000] 1 cube(s)
✓ [746/1000] 1 cube(s)
✓ [747/1000] 1 cube(s)
✓ [748/1000] 1 cube(s)
✓ [749/1000] 1 cube(s)
✓ [750/1000] 1 cube(s)
✓ [751/1000] 1 cube(s)
✓ [752/1000] 1 cube(s)
✓ [753/1000] 1 cube(s)
✓ [754/1000] 1 cube(s)
✓ [755/1000] 1 cube(s)
✗ [756/1000] The read operation timed out
✓ [757/1000] 1 cube(s)
✓ [758/1000] 1 cube(s)
✓ [759/1000] 1 cube(s)
✓ [760/1000] 1 cube(s)
✓ [761/1000] 1 cube(s)
✓ [762/1000] 1 cube(s)
✓ [763/1000] 1 cube(s)
✓ [764/1000] 1 cube(s)
✓ [765/1000] 1 cube(s)
✓ [766/1000] 1 cube(s)
✓ [767/1000] 1 cube(s)
✓ [768/1000] 1 cube(s)
✓ [769/1000] 1 cube(s)
✓ [770/1000] 1 cube(s)
✓ [771/1000] 1 cube(s)
✓ [772/1000] 1 cube(s)
✓ [773/1000] 1 cube(s)
✓ [774/1000] 1 cube(s)
✓ [775/1000] 1 cube(s)
✓ [776/1000] 1 cube(s)
✓ [777/1000] 1 cube(s)
✓ [778/1000] 1 cube(s)
✓ [779/1000] 1 cube(s)
✓ [780/1000] 1 cube(s)
✓ [781/1000] 1 cube(s)
✓ [782/1000] 1 cube(s)
✓ [783/1000] 1 cube(s)
✓ [784/1000] 1 cube(s)
✓ [785/1000] 1 cube(s)
✓ [786/1000] 1 cube(s)
✓ [787/1000] 1 cube(s)
✓ [788/1000] 1 cube(s)
✓ [789/1000] 1 cube(s)
✓ [790/1000] 1 cube(s)
✓ [791/1000] 1 cube(s)
✓ [792/1000] 1 cube(s)
✓ [793/1000] 1 cube(s)
○ [794/1000] no rules
✓ [795/1000] 1 cube(s)
✓ [796/1000] 1 cube(s)
✓ [797/1000] 1 cube(s)
✓ [798/1000] 1 cube(s)
✓ [799/1000] 1 cube(s)
✓ [800/1000] 1 cube(s)
✓ [801/1000] 1 cube(s)
✓ [802/1000] 1 cube(s)
✓ [803/1000] 1 cube(s)
✓ [804/1000] 1 cube(s)
✓ [805/1000] 1 cube(s)
✓ [806/1000] 1 cube(s)
✓ [807/1000] 1 cube(s)
✓ [808/1000] 1 cube(s)
✓ [809/1000] 1 cube(s)
✓ [810/1000] 1 cube(s)
○ [811/1000] no rules
✓ [812/1000] 1 cube(s)
✓ [813/1000] 1 cube(s)
✓ [814/1000] 1 cube(s)
✓ [815/1000] 1 cube(s)
✓ [816/1000] 1 cube(s)
✓ [817/1000] 1 cube(s)
✓ [818/1000] 1 cube(s)
✓ [819/1000] 1 cube(s)
✓ [820/1000] 1 cube(s)
✓ [821/1000] 1 cube(s)
✓ [822/1000] 1 cube(s)
✓ [823/1000] 1 cube(s)
✓ [824/1000] 1 cube(s)
✓ [825/1000] 1 cube(s)
✓ [826/1000] 1 cube(s)
✓ [827/1000] 1 cube(s)
✓ [828/1000] 1 cube(s)
✓ [829/1000] 1 cube(s)
✓ [830/1000] 1 cube(s)
✓ [831/1000] 1 cube(s)
✓ [832/1000] 1 cube(s)
✓ [833/1000] 1 cube(s)
✓ [834/1000] 1 cube(s)
✓ [835/1000] 1 cube(s)
✓ [836/1000] 1 cube(s)
✓ [837/1000] 1 cube(s)
✓ [838/1000] 1 cube(s)
✓ [839/1000] 1 cube(s)
✓ [840/1000] 1 cube(s)
✓ [841/1000] 1 cube(s)
✓ [842/1000] 1 cube(s)
✓ [843/1000] 1 cube(s)
✓ [844/1000] 1 cube(s)
✓ [845/1000] 1 cube(s)
○ [846/1000] no rules
✓ [847/1000] 1 cube(s)
✓ [848/1000] 1 cube(s)
✓ [849/1000] 1 cube(s)
✓ [850/1000] 1 cube(s)
✓ [851/1000] 1 cube(s)
✓ [852/1000] 1 cube(s)
✓ [853/1000] 1 cube(s)
✓ [854/1000] 1 cube(s)
✓ [855/1000] 1 cube(s)
✓ [856/1000] 1 cube(s)
✓ [857/1000] 1 cube(s)
✓ [858/1000] 1 cube(s)
✓ [859/1000] 1 cube(s)
✓ [860/1000] 1 cube(s)
✓ [861/1000] 1 cube(s)
✓ [862/1000] 1 cube(s)
✓ [863/1000] 1 cube(s)
✓ [864/1000] 1 cube(s)
✓ [865/1000] 1 cube(s)
✓ [866/1000] 1 cube(s)
✓ [867/1000] 1 cube(s)
✓ [868/1000] 1 cube(s)
✓ [869/1000] 1 cube(s)
○ [870/1000] no rules
✓ [871/1000] 1 cube(s)
✓ [872/1000] 1 cube(s)
✓ [873/1000] 1 cube(s)
✓ [874/1000] 1 cube(s)
✓ [875/1000] 1 cube(s)
✓ [876/1000] 1 cube(s)
✓ [877/1000] 1 cube(s)
✓ [878/1000] 1 cube(s)
✓ [879/1000] 1 cube(s)
✓ [880/1000] 1 cube(s)
✓ [881/1000] 1 cube(s)
✓ [882/1000] 1 cube(s)
✓ [883/1000] 1 cube(s)
✓ [884/1000] 1 cube(s)
✓ [885/1000] 1 cube(s)
✓ [886/1000] 1 cube(s)
✓ [887/1000] 1 cube(s)
✗ [888/1000] The read operation timed out
✓ [889/1000] 1 cube(s)
✗ [890/1000] The read operation timed out
✓ [891/1000] 1 cube(s)
✗ [892/1000] The read operation timed out
✓ [893/1000] 1 cube(s)
✓ [894/1000] 1 cube(s)
✓ [895/1000] 1 cube(s)
✓ [896/1000] 1 cube(s)
✓ [897/1000] 1 cube(s)
✓ [898/1000] 1 cube(s)
✓ [899/1000] 1 cube(s)
✓ [900/1000] 1 cube(s)
✓ [901/1000] 1 cube(s)
✓ [902/1000] 1 cube(s)
✓ [903/1000] 1 cube(s)
✓ [904/1000] 1 cube(s)
✓ [905/1000] 1 cube(s)
✓ [906/1000] 1 cube(s)
✓ [907/1000] 1 cube(s)
✓ [908/1000] 1 cube(s)
✓ [909/1000] 1 cube(s)
✓ [910/1000] 1 cube(s)
✓ [911/1000] 1 cube(s)
✓ [912/1000] 1 cube(s)
✓ [913/1000] 1 cube(s)
✓ [914/1000] 1 cube(s)
✓ [915/1000] 1 cube(s)
✓ [916/1000] 1 cube(s)
✓ [917/1000] 1 cube(s)
✓ [918/1000] 1 cube(s)
✓ [919/1000] 1 cube(s)
✓ [920/1000] 1 cube(s)
✓ [921/1000] 1 cube(s)
✓ [922/1000] 1 cube(s)
✓ [923/1000] 1 cube(s)
✓ [924/1000] 1 cube(s)
✓ [925/1000] 1 cube(s)
✓ [926/1000] 1 cube(s)
✓ [927/1000] 1 cube(s)
✓ [928/1000] 1 cube(s)
✓ [929/1000] 1 cube(s)
✓ [930/1000] 1 cube(s)
✓ [931/1000] 1 cube(s)
✓ [932/1000] 1 cube(s)
✓ [933/1000] 1 cube(s)
✓ [934/1000] 1 cube(s)
✓ [935/1000] 1 cube(s)
✓ [936/1000] 1 cube(s)
✓ [937/1000] 1 cube(s)
○ [938/1000] no rules
✓ [939/1000] 1 cube(s)
✓ [940/1000] 1 cube(s)
✓ [941/1000] 1 cube(s)
✓ [942/1000] 1 cube(s)
✓ [943/1000] 1 cube(s)
○ [944/1000] no rules
✓ [945/1000] 1 cube(s)
✓ [946/1000] 1 cube(s)
✓ [947/1000] 1 cube(s)
✓ [948/1000] 1 cube(s)
✓ [949/1000] 1 cube(s)
✓ [950/1000] 1 cube(s)
✓ [951/1000] 1 cube(s)
✓ [952/1000] 1 cube(s)
✓ [953/1000] 1 cube(s)
✓ [954/1000] 1 cube(s)
✓ [955/1000] 1 cube(s)
✓ [956/1000] 1 cube(s)
✓ [957/1000] 1 cube(s)
✓ [958/1000] 1 cube(s)
✓ [959/1000] 1 cube(s)
✓ [960/1000] 1 cube(s)
✓ [961/1000] 1 cube(s)
✓ [962/1000] 1 cube(s)
✓ [963/1000] 1 cube(s)
○ [964/1000] no rules
✓ [965/1000] 1 cube(s)
✓ [966/1000] 1 cube(s)
✓ [967/1000] 1 cube(s)
○ [968/1000] no rules
✓ [969/1000] 1 cube(s)
✗ [970/1000] The read operation timed out
✓ [971/1000] 1 cube(s)
✓ [972/1000] 1 cube(s)
✓ [973/1000] 1 cube(s)
✓ [974/1000] 1 cube(s)
✓ [975/1000] 1 cube(s)
✓ [976/1000] 1 cube(s)
✓ [977/1000] 1 cube(s)
✓ [978/1000] 1 cube(s)
✓ [979/1000] 1 cube(s)
✓ [980/1000] 1 cube(s)
✓ [981/1000] 1 cube(s)
✓ [982/1000] 1 cube(s)
✓ [983/1000] 1 cube(s)
✓ [984/1000] 1 cube(s)
✓ [985/1000] 1 cube(s)
✓ [986/1000] 1 cube(s)
✓ [987/1000] 1 cube(s)
✓ [988/1000] 1 cube(s)
✓ [989/1000] 1 cube(s)
✓ [990/1000] 1 cube(s)
✓ [991/1000] 1 cube(s)
✓ [992/1000] 1 cube(s)
✓ [993/1000] 1 cube(s)
✓ [994/1000] 1 cube(s)
○ [995/1000] no rules
✓ [996/1000] 1 cube(s)
✓ [997/1000] 1 cube(s)
✓ [998/1000] 1 cube(s)
✗ [999/1000] The read operation timed out
✓ [1000/1000] 1 cube(s)

Total: 928 cubes
Loaded into SKV: 100 cubes
