[23:06:07] 🌙 SKV Night Engine (Grok) started — 200 topics, target ~1000 cubes
[23:06:07] [1/200] How to fix a leaking faucet...
[23:06:51]   ✅ 5 cubes
[23:06:52] [2/200] How to unclog a kitchen sink...
[23:07:39]   ✅ 5 cubes
[23:07:40] [3/200] How to patch drywall...
[23:08:22]   ✅ 5 cubes
[23:08:23] [4/200] How to paint a room...
[23:08:58]   ✅ 5 cubes
[23:08:58] [5/200] How to fix a running toilet...
[23:09:37]   ✅ 5 cubes
[23:09:38] [6/200] How to remove mold from bathroom...
[23:10:17]   ✅ 5 cubes
[23:10:17] [7/200] How to replace a light switch...
[23:10:52]   ✅ 5 cubes
[23:10:53] [8/200] How to fix a squeaky door...
[23:11:34]   ✅ 5 cubes
[23:11:35] [9/200] How to clean stainless steel...
[23:12:06]   ✅ 5 cubes
[23:12:07] [10/200] How to remove carpet stains...
[23:12:58]   ✅ 5 cubes
[23:12:59] [11/200] How to change a car tire...
[23:13:39]   ✅ 5 cubes
[23:13:40] [12/200] How to jump-start a car...
[23:14:20]   ✅ 5 cubes
[23:14:21] [13/200] How to check engine oil...
[23:14:55]   ✅ 5 cubes
[23:14:56] [14/200] How to replace windshield wipers...
[23:15:32]   ✅ 5 cubes
[23:15:33] [15/200] How to clean car headlights...
[23:16:10]   ✅ 5 cubes
[23:16:11] [16/200] How to check tire pressure...
[23:16:44]   ✅ 5 cubes
[23:16:44] [17/200] How to save money from zero...
[23:17:25]   ✅ 5 cubes
[23:17:25] [18/200] How to build emergency fund...
[23:17:59]   ✅ 5 cubes
[23:18:00] [19/200] How to create a budget...
[23:18:35]   ✅ 5 cubes
[23:18:35] [20/200] How to invest 100 dollars...
[23:19:12]   ✅ 5 cubes
[23:19:12] [21/200] How to improve credit score...
[23:19:45]   ✅ 5 cubes
[23:19:46] [22/200] How to negotiate salary...
[23:20:15]   ✅ 5 cubes
[23:20:15] [23/200] How to start running...
[23:20:49]   ✅ 5 cubes
[23:20:49] [24/200] How to meditate for beginners...
[23:21:22]   ✅ 5 cubes
[23:21:23] [25/200] How to improve posture...
[23:21:51]   ✅ 5 cubes
[23:21:52] [26/200] How to fall asleep faster...
[23:22:30]   ✅ 5 cubes
[23:22:31] [27/200] How to do CPR...
[23:23:03]   ✅ 5 cubes
[23:23:04] [28/200] How to perform Heimlich maneuver...
[23:23:39]   ✅ 5 cubes
[23:23:40] [29/200] How to reduce back pain...
[23:24:15]   ✅ 5 cubes
[23:24:15] [30/200] How to start intermittent fasting...
[23:24:58]   ✅ 5 cubes
[23:24:59] [31/200] How to overcome procrastination...
[23:25:36]   ✅ 5 cubes
[23:25:37] [32/200] How to build morning routine...
[23:26:04]   ✅ 5 cubes
[23:26:05] [33/200] How to focus deeply...
[23:26:35]   ✅ 5 cubes
[23:26:36] [34/200] How to organize tasks with GTD...
[23:27:07]   ✅ 5 cubes
[23:27:07] [35/200] How to learn a language in 3 months...
[23:27:39]   ✅ 5 cubes
[23:27:40] [36/200] How to read a book per week...
[23:28:11]   ✅ 5 cubes
[23:28:11] [37/200] How to write a resume...
[23:28:41]   ✅ 5 cubes
[23:28:41] [38/200] How to prepare for tech interview...
[23:29:14]   ✅ 5 cubes
[23:29:15] [39/200] How to give feedback...
[23:29:45]   ✅ 5 cubes
[23:29:46] [40/200] How to negotiate work from home...
[23:30:22]   ✅ 5 cubes
[23:30:23] [41/200] How to ask for promotion...
[23:31:03]   ✅ 5 cubes
[23:31:04] [42/200] How to create strong passwords...
[23:31:38]   ✅ 5 cubes
[23:31:38] [43/200] How to set up 2FA...
[23:32:13]   ✅ 5 cubes
[23:32:14] [44/200] How to spot phishing...
[23:32:51]   ✅ 5 cubes
[23:32:52] [45/200] How to clean laptop screen...
[23:33:28]   ✅ 5 cubes
[23:33:28] [46/200] How to speed up Windows...
[23:34:02]   ✅ 5 cubes
[23:34:03] [47/200] How to extend phone battery...
[23:34:38]   ✅ 5 cubes
[23:34:38] [48/200] How to roast a chicken...
[23:35:16]   ✅ 5 cubes
[23:35:16] [49/200] How to make scrambled eggs...
[23:35:56]   ✅ 5 cubes
[23:35:57] [50/200] How to meal prep for a week...
[23:36:29]   ✅ 5 cubes
[23:36:30] [51/200] How to sharpen a knife...
[23:37:00]   ✅ 5 cubes
[23:37:00] [52/200] How to boil an egg...
[23:37:47]   ✅ 5 cubes
[23:37:47] [53/200] How to make coffee...
[23:38:25]   ✅ 5 cubes
[23:38:26] [54/200] How to store herbs...
[23:39:01]   ✅ 5 cubes
[23:39:01] [55/200] How to freeze vegetables...
[23:39:35]   ✅ 5 cubes
[23:39:36] [56/200] How to organize pantry...
[23:40:05]   ✅ 5 cubes
[23:40:06] [57/200] How to declutter closet...
[23:40:47]   ✅ 5 cubes
[23:40:48] [58/200] How to fold fitted sheets...
[23:41:37]   ✅ 5 cubes
[23:41:38] [59/200] How to remove grease stains...
[23:42:18]   ✅ 5 cubes
[23:42:18] [60/200] How to clean microwave...
[23:42:53]   ✅ 5 cubes
[23:42:53] [61/200] How to descale kettle...
[23:43:29]   ✅ 5 cubes
[23:43:29] [62/200] How to iron a shirt...
[23:44:09]   ✅ 5 cubes
[23:44:10] [63/200] How to sew a button...
[23:44:44]   ✅ 5 cubes
[23:44:44] [64/200] How to unclog toilet...
[23:45:26]   ✅ 5 cubes
[23:45:26] [65/200] How to reset circuit breaker...
[23:46:00]   ✅ 5 cubes
[23:46:00] [66/200] How to hang a picture...
[23:46:27]   ✅ 5 cubes
[23:46:28] [67/200] How to anchor furniture...
[23:47:06]   ✅ 5 cubes
[23:47:07] [68/200] How to caulk bathtub...
[23:47:43]   ✅ 5 cubes
[23:47:43] [69/200] How to fix leaky window...
[23:48:22]   ✅ 5 cubes
[23:48:23] [70/200] How to insulate attic...
[23:49:00]   ✅ 5 cubes
[23:49:00] [71/200] How to start vegetable garden...
[23:49:38]   ✅ 5 cubes
[23:49:39] [72/200] How to compost at home...
[23:50:13]   ✅ 5 cubes
[23:50:13] [73/200] How to care for succulents...
[23:50:42]   ✅ 5 cubes
[23:50:42] [74/200] How to repot a plant...
[23:51:13]   ✅ 5 cubes
[23:51:14] [75/200] How to grow herbs indoors...
[23:51:44]   ✅ 5 cubes
[23:51:45] [76/200] How to parallel park...
[23:52:22]   ✅ 5 cubes
[23:52:23] [77/200] How to drive in snow...
[23:52:59]   ✅ 5 cubes
[23:52:59] [78/200] How to change wiper fluid...
[23:53:38]   ✅ 5 cubes
[23:53:38] [79/200] How to check brake pads...
[23:54:09]   ✅ 5 cubes
[23:54:10] [80/200] How to clean car interior...
[23:54:41]   ✅ 5 cubes
[23:54:42] [81/200] How to remove car scratches...
[23:55:17]   ✅ 5 cubes
[23:55:18] [82/200] How to create LinkedIn profile...
[23:55:51]   ✅ 5 cubes
[23:55:51] [83/200] How to network effectively...
[23:55:51]   ❌ HTTP Error 402: Payment Required
[23:55:51] [84/200] How to write cover letter...
[23:55:52]   ❌ HTTP Error 402: Payment Required
[23:55:52] [85/200] How to follow up after interview...
[23:55:52]   ❌ HTTP Error 402: Payment Required
[23:55:52] [86/200] How to negotiate benefits...
[23:55:52]   ❌ HTTP Error 402: Payment Required
[23:55:52] [87/200] How to ask for a raise...
[23:55:52]   ❌ HTTP Error 402: Payment Required
[23:55:52] [88/200] How to meditate for anxiety...
[23:55:52]   ❌ HTTP Error 402: Payment Required
[23:55:52] [89/200] How to do yoga at home...
[23:55:52]   ❌ HTTP Error 402: Payment Required
[23:55:52] [90/200] How to start weight training...
[23:55:52]   ❌ HTTP Error 402: Payment Required
[23:55:52] [91/200] How to stretch properly...
[23:55:52]   ❌ HTTP Error 402: Payment Required
[23:55:52] [92/200] How to count calories...
[23:55:52]   ❌ HTTP Error 402: Payment Required
[23:55:52] [93/200] How to meal plan for weight loss...
[23:55:52]   ❌ HTTP Error 402: Payment Required
[23:55:52] [94/200] How to quit sugar...
[23:55:52]   ❌ HTTP Error 402: Payment Required
[23:55:52] [95/200] How to drink more water...
[23:55:52]   ❌ HTTP Error 402: Payment Required
[23:55:52] [96/200] How to start journaling...
[23:55:52]   ❌ HTTP Error 402: Payment Required
[23:55:52] [97/200] How to practice gratitude...
[23:55:52]   ❌ HTTP Error 402: Payment Required
[23:55:52] [98/200] How to set SMART goals...
[23:55:52]   ❌ HTTP Error 402: Payment Required
[23:55:52] [99/200] How to use a planner...
[23:55:52]   ❌ HTTP Error 402: Payment Required
[23:55:52] [100/200] How to overcome fear of public speaking...
[23:55:52]   ❌ HTTP Error 402: Payment Required
[23:55:52] [101/200] How to make small talk...
[23:55:52]   ❌ HTTP Error 402: Payment Required
[23:55:52] [102/200] How to apologize sincerely...
[23:55:52]   ❌ HTTP Error 402: Payment Required
[23:55:52] [103/200] How to set boundaries...
[23:55:52]   ❌ HTTP Error 402: Payment Required
[23:55:52] [104/200] How to deal with difficult coworkers...
[23:55:52]   ❌ HTTP Error 402: Payment Required
[23:55:52] [105/200] How to manage stress at work...
[23:55:52]   ❌ HTTP Error 402: Payment Required
[23:55:52] [106/200] How to use Excel for budgeting...
[23:55:52]   ❌ HTTP Error 402: Payment Required
[23:55:52] [107/200] How to create pivot table...
[23:55:52]   ❌ HTTP Error 402: Payment Required
[23:55:52] [108/200] How to use Google Calendar...
[23:55:52]   ❌ HTTP Error 402: Payment Required
[23:55:52] [109/200] How to organize email inbox...
[23:55:53]   ❌ HTTP Error 402: Payment Required
[23:55:53] [110/200] How to do digital detox...
[23:55:53]   ❌ HTTP Error 402: Payment Required
[23:55:53] [111/200] How to block spam calls...
[23:55:53]   ❌ HTTP Error 402: Payment Required
[23:55:53] [112/200] How to secure home WiFi...
[23:55:53]   ❌ HTTP Error 402: Payment Required
[23:55:53] [113/200] How to use VPN...
[23:55:53]   ❌ HTTP Error 402: Payment Required
[23:55:53] [114/200] How to back up photos...
[23:55:53]   ❌ HTTP Error 402: Payment Required
[23:55:53] [115/200] How to edit PDF...
[23:55:53]   ❌ HTTP Error 402: Payment Required
[23:55:53] [116/200] How to compress images...
[23:55:53]   ❌ HTTP Error 402: Payment Required
[23:55:53] [117/200] How to screen record on phone...
[23:55:53]   ❌ HTTP Error 402: Payment Required
[23:55:53] [118/200] How to use keyboard shortcuts...
[23:55:53]   ❌ HTTP Error 402: Payment Required
[23:55:53] [119/200] How to learn touch typing...
[23:55:53]   ❌ HTTP Error 402: Payment Required
[23:55:53] [120/200] How to use Notion...
[23:55:53]   ❌ HTTP Error 402: Payment Required
[23:55:53] [121/200] How to use fire extinguisher...
[23:55:53]   ❌ HTTP Error 402: Payment Required
[23:55:53] [122/200] How to escape house fire...
[23:55:53]   ❌ HTTP Error 402: Payment Required
[23:55:53] [123/200] How to treat a burn...
[23:55:53]   ❌ HTTP Error 402: Payment Required
[23:55:53] [124/200] How to treat a cut...
[23:55:53]   ❌ HTTP Error 402: Payment Required
[23:55:53] [125/200] How to recognize stroke symptoms...
[23:55:53]   ❌ HTTP Error 402: Payment Required
[23:55:53] [126/200] How to help someone having seizure...
[23:55:53]   ❌ HTTP Error 402: Payment Required
[23:55:53] [127/200] How to pack for trip...
[23:55:53]   ❌ HTTP Error 402: Payment Required
[23:55:53] [128/200] How to travel on budget...
[23:55:53]   ❌ HTTP Error 402: Payment Required
[23:55:53] [129/200] How to find cheap flights...
[23:55:53]   ❌ HTTP Error 402: Payment Required
[23:55:53] [130/200] How to avoid jet lag...
[23:55:53]   ❌ HTTP Error 402: Payment Required
[23:55:53] [131/200] How to pack carry-on only...
[23:55:53]   ❌ HTTP Error 402: Payment Required
[23:55:53] [132/200] How to stay safe while traveling alone...
[23:55:53]   ❌ HTTP Error 402: Payment Required
[23:55:53] [133/200] How to change a diaper...
[23:55:53]   ❌ HTTP Error 402: Payment Required
[23:55:53] [134/200] How to soothe a crying baby...
[23:55:53]   ❌ HTTP Error 402: Payment Required
[23:55:53] [135/200] How to baby-proof a house...
[23:55:53]   ❌ HTTP Error 402: Payment Required
[23:55:53] [136/200] How to train a puppy...
[23:55:53]   ❌ HTTP Error 402: Payment Required
[23:55:53] [137/200] How to clean a fish tank...
[23:55:53]   ❌ HTTP Error 402: Payment Required
[23:55:53] [138/200] How to teach a dog to sit...
[23:55:54]   ❌ HTTP Error 402: Payment Required
[23:55:54] [139/200] How to paint a fence...
[23:55:54]   ❌ HTTP Error 402: Payment Required
[23:55:54] [140/200] How to mow a lawn properly...
[23:55:54]   ❌ HTTP Error 402: Payment Required
[23:55:54] [141/200] How to fix a bicycle chain...
[23:55:54]   ❌ HTTP Error 402: Payment Required
[23:55:54] [142/200] How to change a bike tire...
[23:55:54]   ❌ HTTP Error 402: Payment Required
[23:55:54] [143/200] How to tune a guitar...
[23:55:54]   ❌ HTTP Error 402: Payment Required
[23:55:54] [144/200] How to play basic chords on piano...
[23:55:54]   ❌ HTTP Error 402: Payment Required
[23:55:54] [145/200] How to draw a portrait...
[23:55:54]   ❌ HTTP Error 402: Payment Required
[23:55:54] [146/200] How to write a poem...
[23:55:54]   ❌ HTTP Error 402: Payment Required
[23:55:54] [147/200] How to start a blog...
[23:55:54]   ❌ HTTP Error 402: Payment Required
[23:55:54] [148/200] How to edit a video on phone...
[23:55:54]   ❌ HTTP Error 402: Payment Required
[23:55:54] [149/200] How to create a podcast...
[23:55:54]   ❌ HTTP Error 402: Payment Required
[23:55:54] [150/200] How to write a business plan...
[23:55:54]   ❌ HTTP Error 402: Payment Required
[23:55:54] [151/200] How to register a company...
[23:55:54]   ❌ HTTP Error 402: Payment Required
[23:55:54] [152/200] How to file taxes as freelancer...
[23:55:54]   ❌ HTTP Error 402: Payment Required
[23:55:54] [153/200] How to get health insurance...
[23:55:54]   ❌ HTTP Error 402: Payment Required
[23:55:54] [154/200] How to rent an apartment...
[23:55:54]   ❌ HTTP Error 402: Payment Required
[23:55:54] [155/200] How to buy a used car...
[23:55:54]   ❌ HTTP Error 402: Payment Required
[23:55:54] [156/200] How to read a contract...
[23:55:54]   ❌ HTTP Error 402: Payment Required
[23:55:54] [157/200] How to tip in different countries...
[23:55:54]   ❌ HTTP Error 402: Payment Required
[23:55:54] [158/200] How to exchange currency...
[23:55:54]   ❌ HTTP Error 402: Payment Required
[23:55:54] [159/200] How to use public transport...
[23:55:54]   ❌ HTTP Error 402: Payment Required
[23:55:54] [160/200] How to order food in foreign language...
[23:55:54]   ❌ HTTP Error 402: Payment Required
[23:55:54] [161/200] How to ask for directions...
[23:55:54]   ❌ HTTP Error 402: Payment Required
[23:55:54] [162/200] How to haggle at a market...
[23:55:54]   ❌ HTTP Error 402: Payment Required
[23:55:54] [163/200] How to make friends as adult...
[23:55:54]   ❌ HTTP Error 402: Payment Required
[23:55:54] [164/200] How to plan a date...
[23:55:54]   ❌ HTTP Error 402: Payment Required
[23:55:54] [165/200] How to write a wedding speech...
[23:55:54]   ❌ HTTP Error 402: Payment Required
[23:55:54] [166/200] How to plan a funeral...
[23:55:55]   ❌ HTTP Error 402: Payment Required
[23:55:55] [167/200] How to support grieving friend...
[23:55:55]   ❌ HTTP Error 402: Payment Required
[23:55:55] [168/200] How to donate to charity effectively...
[23:55:55]   ❌ HTTP Error 402: Payment Required
[23:55:55] [169/200] How to start volunteering...
[23:55:55]   ❌ HTTP Error 402: Payment Required
[23:55:55] [170/200] How to reduce plastic use...
[23:55:55]   ❌ HTTP Error 402: Payment Required
[23:55:55] [171/200] How to save electricity at home...
[23:55:55]   ❌ HTTP Error 402: Payment Required
[23:55:55] [172/200] How to recycle properly...
[23:55:55]   ❌ HTTP Error 402: Payment Required
[23:55:55] [173/200] How to fix a flat bicycle tire...
[23:55:55]   ❌ HTTP Error 402: Payment Required
[23:55:55] [174/200] How to choose running shoes...
[23:55:55]   ❌ HTTP Error 402: Payment Required
[23:55:55] [175/200] How to prevent blisters when hiking...
[23:55:55]   ❌ HTTP Error 402: Payment Required
[23:55:55] [176/200] How to pitch a tent...
[23:55:55]   ❌ HTTP Error 402: Payment Required
[23:55:55] [177/200] How to build a campfire safely...
[23:55:55]   ❌ HTTP Error 402: Payment Required
[23:55:55] [178/200] How to purify water outdoors...
[23:55:55]   ❌ HTTP Error 402: Payment Required
[23:55:55] [179/200] How to read a map...
[23:55:55]   ❌ HTTP Error 402: Payment Required
[23:55:55] [180/200] How to use a compass...
[23:55:55]   ❌ HTTP Error 402: Payment Required
[23:55:55] [181/200] How to signal for help...
[23:55:55]   ❌ HTTP Error 402: Payment Required
[23:55:55] [182/200] How to survive a bear encounter...
[23:55:55]   ❌ HTTP Error 402: Payment Required
[23:55:55] [183/200] How to treat hypothermia...
[23:55:55]   ❌ HTTP Error 402: Payment Required
[23:55:55] [184/200] How to apply sunscreen properly...
[23:55:55]   ❌ HTTP Error 402: Payment Required
[23:55:55] [185/200] How to remove a tick...
[23:55:55]   ❌ HTTP Error 402: Payment Required
[23:55:55] [186/200] How to treat poison ivy rash...
[23:55:55]   ❌ HTTP Error 402: Payment Required
[23:55:55] [187/200] How to make homemade pizza...
[23:55:55]   ❌ HTTP Error 402: Payment Required
[23:55:55] [188/200] How to bake bread...
[23:55:55]   ❌ HTTP Error 402: Payment Required
[23:55:55] [189/200] How to make soup from scratch...
[23:55:55]   ❌ HTTP Error 402: Payment Required
[23:55:55] [190/200] How to brew beer at home...
[23:55:55]   ❌ HTTP Error 402: Payment Required
[23:55:55] [191/200] How to make jam...
[23:55:56]   ❌ HTTP Error 402: Payment Required
[23:55:56] [192/200] How to can vegetables...
[23:55:56]   ❌ HTTP Error 402: Payment Required
[23:55:56] [193/200] How to sharpen a chainsaw...
[23:55:56]   ❌ HTTP Error 402: Payment Required
[23:55:56] [194/200] How to split firewood...
[23:55:56]   ❌ HTTP Error 402: Payment Required
[23:55:56] [195/200] How to start a snowblower...
[23:55:56]   ❌ HTTP Error 402: Payment Required
[23:55:56] [196/200] How to winterize a car...
[23:55:56]   ❌ HTTP Error 402: Payment Required
[23:55:56] [197/200] How to prepare for power outage...
[23:55:56]   ❌ HTTP Error 402: Payment Required
[23:55:56] [198/200] How to store water long-term...
[23:55:56]   ❌ HTTP Error 402: Payment Required
[23:55:56] [199/200] How to use a generator safely...
[23:55:56]   ❌ HTTP Error 402: Payment Required
[23:55:56] [200/200] How to board up windows for hurricane...
[23:55:56]   ❌ HTTP Error 402: Payment Required
[23:55:56] 💾 Generated 410 cubes (82/200 successful)
[23:55:56] 📤 Uploading 410 cubes in batches of 50...
[23:55:56]   Batch 1/9: ✅ 50 cubes
[23:55:57]   Batch 2/9: ✅ 50 cubes
[23:55:59]   Batch 3/9: ✅ 50 cubes
[23:56:01]   Batch 4/9: ✅ 50 cubes
[23:56:02]   Batch 5/9: ✅ 50 cubes
[23:56:04]   Batch 6/9: ✅ 50 cubes
[23:56:06]   Batch 7/9: ✅ 50 cubes
[23:56:07]   Batch 8/9: ✅ 50 cubes
[23:56:09]   Batch 9/9: ✅ 10 cubes
[23:56:10] 📊 Total cubes in SKV: 1161
[23:56:10] 🏁 Night Engine finished!
[06:12:59] 🌙 SKV Night Engine (Grok) started — 200 topics, target ~1000 cubes
[06:12:59] [1/200] How to fix a leaking faucet...
[06:13:32]   ✅ 5 cubes
[06:13:32] [2/200] How to unclog a kitchen sink...
[06:14:14]   ✅ 5 cubes
[06:14:15] [3/200] How to patch drywall...
[06:14:58]   ✅ 5 cubes
[06:14:59] [4/200] How to paint a room...
[06:15:38]   ✅ 5 cubes
[06:15:38] [5/200] How to fix a running toilet...
[06:15:38]   ❌ HTTP Error 402: Payment Required
[06:15:38] [6/200] How to remove mold from bathroom...
[06:15:38]   ❌ HTTP Error 402: Payment Required
[06:15:38] [7/200] How to replace a light switch...
[06:15:38]   ❌ HTTP Error 402: Payment Required
[06:15:38] [8/200] How to fix a squeaky door...
[06:15:38]   ❌ HTTP Error 402: Payment Required
[06:15:38] [9/200] How to clean stainless steel...
[06:15:38]   ❌ HTTP Error 402: Payment Required
[06:15:38] [10/200] How to remove carpet stains...
[06:15:39]   ❌ HTTP Error 402: Payment Required
[06:15:39] [11/200] How to change a car tire...
[06:15:39]   ❌ HTTP Error 402: Payment Required
[06:15:39] [12/200] How to jump-start a car...
[06:15:39]   ❌ HTTP Error 402: Payment Required
[06:15:39] [13/200] How to check engine oil...
[06:15:39]   ❌ HTTP Error 402: Payment Required
[06:15:39] [14/200] How to replace windshield wipers...
[06:15:39]   ❌ HTTP Error 402: Payment Required
[06:15:39] [15/200] How to clean car headlights...
[06:15:39]   ❌ HTTP Error 402: Payment Required
[06:15:39] [16/200] How to check tire pressure...
[06:15:39]   ❌ HTTP Error 402: Payment Required
[06:15:39] [17/200] How to save money from zero...
[06:15:39]   ❌ HTTP Error 402: Payment Required
[06:15:39] [18/200] How to build emergency fund...
[06:15:39]   ❌ HTTP Error 402: Payment Required
[06:15:39] [19/200] How to create a budget...
[06:15:39]   ❌ HTTP Error 402: Payment Required
[06:15:39] [20/200] How to invest 100 dollars...
[06:15:39]   ❌ HTTP Error 402: Payment Required
[06:15:39] [21/200] How to improve credit score...
[06:15:39]   ❌ HTTP Error 402: Payment Required
[06:15:39] [22/200] How to negotiate salary...
[06:15:39]   ❌ HTTP Error 402: Payment Required
[06:15:39] [23/200] How to start running...
[06:15:39]   ❌ HTTP Error 402: Payment Required
[06:15:39] [24/200] How to meditate for beginners...
[06:15:39]   ❌ HTTP Error 402: Payment Required
[06:15:39] [25/200] How to improve posture...
[06:15:39]   ❌ HTTP Error 402: Payment Required
[06:15:39] [26/200] How to fall asleep faster...
[06:15:39]   ❌ HTTP Error 402: Payment Required
[06:15:39] [27/200] How to do CPR...
[06:15:39]   ❌ HTTP Error 402: Payment Required
[06:15:39] [28/200] How to perform Heimlich maneuver...
[06:15:39]   ❌ HTTP Error 402: Payment Required
[06:15:39] [29/200] How to reduce back pain...
[06:15:39]   ❌ HTTP Error 402: Payment Required
[06:15:39] [30/200] How to start intermittent fasting...
[06:15:39]   ❌ HTTP Error 402: Payment Required
[06:15:39] [31/200] How to overcome procrastination...
[06:15:39]   ❌ HTTP Error 402: Payment Required
[06:15:39] [32/200] How to build morning routine...
[06:15:39]   ❌ HTTP Error 402: Payment Required
[06:15:39] [33/200] How to focus deeply...
[06:15:39]   ❌ HTTP Error 402: Payment Required
[06:15:39] [34/200] How to organize tasks with GTD...
[06:15:39]   ❌ HTTP Error 402: Payment Required
[06:15:39] [35/200] How to learn a language in 3 months...
[06:15:39]   ❌ HTTP Error 402: Payment Required
[06:15:39] [36/200] How to read a book per week...
[06:15:39]   ❌ HTTP Error 402: Payment Required
[06:15:39] [37/200] How to write a resume...
[06:15:39]   ❌ HTTP Error 402: Payment Required
[06:15:39] [38/200] How to prepare for tech interview...
[06:15:40]   ❌ HTTP Error 402: Payment Required
[06:15:40] [39/200] How to give feedback...
[06:15:40]   ❌ HTTP Error 402: Payment Required
[06:15:40] [40/200] How to negotiate work from home...
[06:15:40]   ❌ HTTP Error 402: Payment Required
[06:15:40] [41/200] How to ask for promotion...
[06:15:40]   ❌ HTTP Error 402: Payment Required
[06:15:40] [42/200] How to create strong passwords...
[06:15:40]   ❌ HTTP Error 402: Payment Required
[06:15:40] [43/200] How to set up 2FA...
[06:15:40]   ❌ HTTP Error 402: Payment Required
[06:15:40] [44/200] How to spot phishing...
[06:15:40]   ❌ HTTP Error 402: Payment Required
[06:15:40] [45/200] How to clean laptop screen...
[06:15:40]   ❌ HTTP Error 402: Payment Required
[06:15:40] [46/200] How to speed up Windows...
[06:15:40]   ❌ HTTP Error 402: Payment Required
[06:15:40] [47/200] How to extend phone battery...
[06:15:40]   ❌ HTTP Error 402: Payment Required
[06:15:40] [48/200] How to roast a chicken...
[06:15:40]   ❌ HTTP Error 402: Payment Required
[06:15:40] [49/200] How to make scrambled eggs...
[06:15:40]   ❌ HTTP Error 402: Payment Required
[06:15:40] [50/200] How to meal prep for a week...
[06:15:40]   ❌ HTTP Error 402: Payment Required
[06:15:40] [51/200] How to sharpen a knife...
[06:15:40]   ❌ HTTP Error 402: Payment Required
[06:15:40] [52/200] How to boil an egg...
[06:15:40]   ❌ HTTP Error 402: Payment Required
[06:15:40] [53/200] How to make coffee...
[06:15:40]   ❌ HTTP Error 402: Payment Required
[06:15:40] [54/200] How to store herbs...
[06:15:40]   ❌ HTTP Error 402: Payment Required
[06:15:40] [55/200] How to freeze vegetables...
[06:15:40]   ❌ HTTP Error 402: Payment Required
[06:15:40] [56/200] How to organize pantry...
[06:15:40]   ❌ HTTP Error 402: Payment Required
[06:15:40] [57/200] How to declutter closet...
[06:15:40]   ❌ HTTP Error 402: Payment Required
[06:15:40] [58/200] How to fold fitted sheets...
[06:15:40]   ❌ HTTP Error 402: Payment Required
[06:15:40] [59/200] How to remove grease stains...
[06:15:40]   ❌ HTTP Error 402: Payment Required
[06:15:40] [60/200] How to clean microwave...
[06:15:40]   ❌ HTTP Error 402: Payment Required
[06:15:40] [61/200] How to descale kettle...
[06:15:40]   ❌ HTTP Error 402: Payment Required
[06:15:40] [62/200] How to iron a shirt...
[06:15:40]   ❌ HTTP Error 402: Payment Required
[06:15:40] [63/200] How to sew a button...
[06:15:40]   ❌ HTTP Error 402: Payment Required
[06:15:40] [64/200] How to unclog toilet...
[06:15:40]   ❌ HTTP Error 402: Payment Required
[06:15:40] [65/200] How to reset circuit breaker...
[06:15:41]   ❌ HTTP Error 402: Payment Required
[06:15:41] [66/200] How to hang a picture...
[06:15:41]   ❌ HTTP Error 402: Payment Required
[06:15:41] [67/200] How to anchor furniture...
[06:15:41]   ❌ HTTP Error 402: Payment Required
[06:15:41] [68/200] How to caulk bathtub...
[06:15:41]   ❌ HTTP Error 402: Payment Required
[06:15:41] [69/200] How to fix leaky window...
[06:15:41]   ❌ HTTP Error 402: Payment Required
[06:15:41] [70/200] How to insulate attic...
[06:15:41]   ❌ HTTP Error 402: Payment Required
[06:15:41] [71/200] How to start vegetable garden...
[06:15:41]   ❌ HTTP Error 402: Payment Required
[06:15:41] [72/200] How to compost at home...
[06:15:41]   ❌ HTTP Error 402: Payment Required
[06:15:41] [73/200] How to care for succulents...
[06:15:41]   ❌ HTTP Error 402: Payment Required
[06:15:41] [74/200] How to repot a plant...
[06:15:41]   ❌ HTTP Error 402: Payment Required
[06:15:41] [75/200] How to grow herbs indoors...
[06:15:41]   ❌ HTTP Error 402: Payment Required
[06:15:41] [76/200] How to parallel park...
[06:15:41]   ❌ HTTP Error 402: Payment Required
[06:15:41] [77/200] How to drive in snow...
[06:15:41]   ❌ HTTP Error 402: Payment Required
[06:15:41] [78/200] How to change wiper fluid...
[06:15:41]   ❌ HTTP Error 402: Payment Required
[06:15:41] [79/200] How to check brake pads...
[06:15:41]   ❌ HTTP Error 402: Payment Required
[06:15:41] [80/200] How to clean car interior...
[06:15:41]   ❌ HTTP Error 402: Payment Required
[06:15:41] [81/200] How to remove car scratches...
[06:15:41]   ❌ HTTP Error 402: Payment Required
[06:15:41] [82/200] How to create LinkedIn profile...
[06:15:41]   ❌ HTTP Error 402: Payment Required
[06:15:41] [83/200] How to network effectively...
[06:15:41]   ❌ HTTP Error 402: Payment Required
[06:15:41] [84/200] How to write cover letter...
[06:15:41]   ❌ HTTP Error 402: Payment Required
[06:15:41] [85/200] How to follow up after interview...
[06:15:41]   ❌ HTTP Error 402: Payment Required
[06:15:41] [86/200] How to negotiate benefits...
[06:15:41]   ❌ HTTP Error 402: Payment Required
[06:15:41] [87/200] How to ask for a raise...
[06:15:41]   ❌ HTTP Error 402: Payment Required
[06:15:41] [88/200] How to meditate for anxiety...
[06:15:41]   ❌ HTTP Error 402: Payment Required
[06:15:41] [89/200] How to do yoga at home...
[06:15:41]   ❌ HTTP Error 402: Payment Required
[06:15:41] [90/200] How to start weight training...
[06:15:41]   ❌ HTTP Error 402: Payment Required
[06:15:41] [91/200] How to stretch properly...
[06:15:42]   ❌ HTTP Error 402: Payment Required
[06:15:42] [92/200] How to count calories...
[06:15:42]   ❌ HTTP Error 402: Payment Required
[06:15:42] [93/200] How to meal plan for weight loss...
[06:15:42]   ❌ HTTP Error 402: Payment Required
[06:15:42] [94/200] How to quit sugar...
[06:15:42]   ❌ HTTP Error 402: Payment Required
[06:15:42] [95/200] How to drink more water...
[06:15:42]   ❌ HTTP Error 402: Payment Required
[06:15:42] [96/200] How to start journaling...
[06:15:42]   ❌ HTTP Error 402: Payment Required
[06:15:42] [97/200] How to practice gratitude...
[06:15:42]   ❌ HTTP Error 402: Payment Required
[06:15:42] [98/200] How to set SMART goals...
[06:15:42]   ❌ HTTP Error 402: Payment Required
[06:15:42] [99/200] How to use a planner...
[06:15:42]   ❌ HTTP Error 402: Payment Required
[06:15:42] [100/200] How to overcome fear of public speaking...
[06:15:42]   ❌ HTTP Error 402: Payment Required
[06:15:42] [101/200] How to make small talk...
[06:15:42]   ❌ HTTP Error 402: Payment Required
[06:15:42] [102/200] How to apologize sincerely...
[06:15:42]   ❌ HTTP Error 402: Payment Required
[06:15:42] [103/200] How to set boundaries...
[06:15:42]   ❌ HTTP Error 402: Payment Required
[06:15:42] [104/200] How to deal with difficult coworkers...
[06:15:42]   ❌ HTTP Error 402: Payment Required
[06:15:42] [105/200] How to manage stress at work...
[06:15:42]   ❌ HTTP Error 402: Payment Required
[06:15:42] [106/200] How to use Excel for budgeting...
[06:15:42]   ❌ HTTP Error 402: Payment Required
[06:15:42] [107/200] How to create pivot table...
[06:15:42]   ❌ HTTP Error 402: Payment Required
[06:15:42] [108/200] How to use Google Calendar...
[06:15:42]   ❌ HTTP Error 402: Payment Required
[06:15:42] [109/200] How to organize email inbox...
[06:15:42]   ❌ HTTP Error 402: Payment Required
[06:15:42] [110/200] How to do digital detox...
[06:15:42]   ❌ HTTP Error 402: Payment Required
[06:15:42] [111/200] How to block spam calls...
[06:15:42]   ❌ HTTP Error 402: Payment Required
[06:15:42] [112/200] How to secure home WiFi...
[06:15:42]   ❌ HTTP Error 402: Payment Required
[06:15:42] [113/200] How to use VPN...
[06:15:42]   ❌ HTTP Error 402: Payment Required
[06:15:42] [114/200] How to back up photos...
[06:15:42]   ❌ HTTP Error 402: Payment Required
[06:15:42] [115/200] How to edit PDF...
[06:15:42]   ❌ HTTP Error 402: Payment Required
[06:15:42] [116/200] How to compress images...
[06:15:43]   ❌ HTTP Error 402: Payment Required
[06:15:43] [117/200] How to screen record on phone...
[06:15:43]   ❌ HTTP Error 402: Payment Required
[06:15:43] [118/200] How to use keyboard shortcuts...
[06:15:43]   ❌ HTTP Error 402: Payment Required
[06:15:43] [119/200] How to learn touch typing...
[06:15:43]   ❌ HTTP Error 402: Payment Required
[06:15:43] [120/200] How to use Notion...
[06:15:43]   ❌ HTTP Error 402: Payment Required
[06:15:43] [121/200] How to use fire extinguisher...
[06:15:43]   ❌ HTTP Error 402: Payment Required
[06:15:43] [122/200] How to escape house fire...
[06:15:43]   ❌ HTTP Error 402: Payment Required
[06:15:43] [123/200] How to treat a burn...
[06:15:43]   ❌ HTTP Error 402: Payment Required
[06:15:43] [124/200] How to treat a cut...
[06:15:43]   ❌ HTTP Error 402: Payment Required
[06:15:43] [125/200] How to recognize stroke symptoms...
[06:15:43]   ❌ HTTP Error 402: Payment Required
[06:15:43] [126/200] How to help someone having seizure...
[06:15:43]   ❌ HTTP Error 402: Payment Required
[06:15:43] [127/200] How to pack for trip...
[06:15:43]   ❌ HTTP Error 402: Payment Required
[06:15:43] [128/200] How to travel on budget...
[06:15:43]   ❌ HTTP Error 402: Payment Required
[06:15:43] [129/200] How to find cheap flights...
[06:15:43]   ❌ HTTP Error 402: Payment Required
[06:15:43] [130/200] How to avoid jet lag...
[06:15:43]   ❌ HTTP Error 402: Payment Required
[06:15:43] [131/200] How to pack carry-on only...
[06:15:43]   ❌ HTTP Error 402: Payment Required
[06:15:43] [132/200] How to stay safe while traveling alone...
[06:15:43]   ❌ HTTP Error 402: Payment Required
[06:15:43] [133/200] How to change a diaper...
[06:15:43]   ❌ HTTP Error 402: Payment Required
[06:15:43] [134/200] How to soothe a crying baby...
[06:15:43]   ❌ HTTP Error 402: Payment Required
[06:15:43] [135/200] How to baby-proof a house...
[06:15:43]   ❌ HTTP Error 402: Payment Required
[06:15:43] [136/200] How to train a puppy...
[06:15:43]   ❌ HTTP Error 402: Payment Required
[06:15:43] [137/200] How to clean a fish tank...
[06:15:43]   ❌ HTTP Error 402: Payment Required
[06:15:43] [138/200] How to teach a dog to sit...
[06:15:43]   ❌ HTTP Error 402: Payment Required
[06:15:43] [139/200] How to paint a fence...
[06:15:43]   ❌ HTTP Error 402: Payment Required
[06:15:43] [140/200] How to mow a lawn properly...
[06:15:43]   ❌ HTTP Error 402: Payment Required
[06:15:43] [141/200] How to fix a bicycle chain...
[06:15:43]   ❌ HTTP Error 402: Payment Required
[06:15:43] [142/200] How to change a bike tire...
[06:15:43]   ❌ HTTP Error 402: Payment Required
[06:15:43] [143/200] How to tune a guitar...
[06:15:44]   ❌ HTTP Error 402: Payment Required
[06:15:44] [144/200] How to play basic chords on piano...
[06:15:44]   ❌ HTTP Error 402: Payment Required
[06:15:44] [145/200] How to draw a portrait...
[06:15:44]   ❌ HTTP Error 402: Payment Required
[06:15:44] [146/200] How to write a poem...
[06:15:44]   ❌ HTTP Error 402: Payment Required
[06:15:44] [147/200] How to start a blog...
[06:15:44]   ❌ HTTP Error 402: Payment Required
[06:15:44] [148/200] How to edit a video on phone...
[06:15:44]   ❌ HTTP Error 402: Payment Required
[06:15:44] [149/200] How to create a podcast...
[06:15:44]   ❌ HTTP Error 402: Payment Required
[06:15:44] [150/200] How to write a business plan...
[06:15:44]   ❌ HTTP Error 402: Payment Required
[06:15:44] [151/200] How to register a company...
[06:15:44]   ❌ HTTP Error 402: Payment Required
[06:15:44] [152/200] How to file taxes as freelancer...
[06:15:44]   ❌ HTTP Error 402: Payment Required
[06:15:44] [153/200] How to get health insurance...
[06:15:44]   ❌ HTTP Error 402: Payment Required
[06:15:44] [154/200] How to rent an apartment...
[06:15:44]   ❌ HTTP Error 402: Payment Required
[06:15:44] [155/200] How to buy a used car...
[06:15:44]   ❌ HTTP Error 402: Payment Required
[06:15:44] [156/200] How to read a contract...
[06:15:44]   ❌ HTTP Error 402: Payment Required
[06:15:44] [157/200] How to tip in different countries...
[06:15:44]   ❌ HTTP Error 402: Payment Required
[06:15:44] [158/200] How to exchange currency...
[06:15:45]   ❌ HTTP Error 402: Payment Required
[06:15:45] [159/200] How to use public transport...
[06:15:45]   ❌ HTTP Error 402: Payment Required
[06:15:45] [160/200] How to order food in foreign language...
[06:15:45]   ❌ HTTP Error 402: Payment Required
[06:15:45] [161/200] How to ask for directions...
[06:15:45]   ❌ HTTP Error 402: Payment Required
[06:15:45] [162/200] How to haggle at a market...
[06:15:45]   ❌ HTTP Error 402: Payment Required
[06:15:45] [163/200] How to make friends as adult...
[06:15:45]   ❌ HTTP Error 402: Payment Required
[06:15:45] [164/200] How to plan a date...
[06:15:45]   ❌ HTTP Error 402: Payment Required
[06:15:45] [165/200] How to write a wedding speech...
[06:15:45]   ❌ HTTP Error 402: Payment Required
[06:15:45] [166/200] How to plan a funeral...
[06:15:45]   ❌ HTTP Error 402: Payment Required
[06:15:45] [167/200] How to support grieving friend...
[06:15:45]   ❌ HTTP Error 402: Payment Required
[06:15:45] [168/200] How to donate to charity effectively...
[06:15:45]   ❌ HTTP Error 402: Payment Required
[06:15:45] [169/200] How to start volunteering...
[06:15:45]   ❌ HTTP Error 402: Payment Required
[06:15:45] [170/200] How to reduce plastic use...
[06:15:45]   ❌ HTTP Error 402: Payment Required
[06:15:45] [171/200] How to save electricity at home...
[06:15:45]   ❌ HTTP Error 402: Payment Required
[06:15:45] [172/200] How to recycle properly...
[06:15:45]   ❌ HTTP Error 402: Payment Required
[06:15:45] [173/200] How to fix a flat bicycle tire...
[06:15:45]   ❌ HTTP Error 402: Payment Required
[06:15:45] [174/200] How to choose running shoes...
[06:15:45]   ❌ HTTP Error 402: Payment Required
[06:15:45] [175/200] How to prevent blisters when hiking...
[06:15:45]   ❌ HTTP Error 402: Payment Required
[06:15:45] [176/200] How to pitch a tent...
[06:15:45]   ❌ HTTP Error 402: Payment Required
[06:15:45] [177/200] How to build a campfire safely...
[06:15:45]   ❌ HTTP Error 402: Payment Required
[06:15:45] [178/200] How to purify water outdoors...
[06:15:45]   ❌ HTTP Error 402: Payment Required
[06:15:45] [179/200] How to read a map...
[06:15:45]   ❌ HTTP Error 402: Payment Required
[06:15:45] [180/200] How to use a compass...
[06:15:45]   ❌ HTTP Error 402: Payment Required
[06:15:45] [181/200] How to signal for help...
[06:15:45]   ❌ HTTP Error 402: Payment Required
[06:15:45] [182/200] How to survive a bear encounter...
[06:15:45]   ❌ HTTP Error 402: Payment Required
[06:15:45] [183/200] How to treat hypothermia...
[06:15:45]   ❌ HTTP Error 402: Payment Required
[06:15:45] [184/200] How to apply sunscreen properly...
[06:15:45]   ❌ HTTP Error 402: Payment Required
[06:15:45] [185/200] How to remove a tick...
[06:15:45]   ❌ HTTP Error 402: Payment Required
[06:15:45] [186/200] How to treat poison ivy rash...
[06:15:46]   ❌ HTTP Error 402: Payment Required
[06:15:46] [187/200] How to make homemade pizza...
[06:15:46]   ❌ HTTP Error 402: Payment Required
[06:15:46] [188/200] How to bake bread...
[06:15:46]   ❌ HTTP Error 402: Payment Required
[06:15:46] [189/200] How to make soup from scratch...
[06:15:46]   ❌ HTTP Error 402: Payment Required
[06:15:46] [190/200] How to brew beer at home...
[06:15:46]   ❌ HTTP Error 402: Payment Required
[06:15:46] [191/200] How to make jam...
[06:15:46]   ❌ HTTP Error 402: Payment Required
[06:15:46] [192/200] How to can vegetables...
[06:15:46]   ❌ HTTP Error 402: Payment Required
[06:15:46] [193/200] How to sharpen a chainsaw...
[06:15:46]   ❌ HTTP Error 402: Payment Required
[06:15:46] [194/200] How to split firewood...
[06:15:46]   ❌ HTTP Error 402: Payment Required
[06:15:46] [195/200] How to start a snowblower...
[06:15:46]   ❌ HTTP Error 402: Payment Required
[06:15:46] [196/200] How to winterize a car...
[06:15:46]   ❌ HTTP Error 402: Payment Required
[06:15:46] [197/200] How to prepare for power outage...
[06:15:46]   ❌ HTTP Error 402: Payment Required
[06:15:46] [198/200] How to store water long-term...
[06:15:46]   ❌ HTTP Error 402: Payment Required
[06:15:46] [199/200] How to use a generator safely...
[06:15:46]   ❌ HTTP Error 402: Payment Required
[06:15:46] [200/200] How to board up windows for hurricane...
[06:15:46]   ❌ HTTP Error 402: Payment Required
[06:15:46] 💾 Generated 20 cubes (4/200 successful)
[06:15:46] 📤 Uploading 20 cubes in batches of 50...
[06:15:46]   Batch 1/1: ✅ 20 cubes
[06:15:47] 📊 Total cubes in SKV: 1161
[06:15:47] 🏁 Night Engine finished!
