[06:32:30] 🌙 SKV Reliable Engine (Grok) started — 105 topics
[06:32:30] 💾 Autosave every 10 topics
[06:32:30] [1/105] How to fix a leaking faucet...
[06:33:51]   ✅ 5 cubes (total: 5)
[06:33:51] [2/105] How to unclog a kitchen sink...
[06:34:26]   ✅ 5 cubes (total: 10)
[06:34:27] [3/105] How to patch drywall...
[06:35:05]   ✅ 5 cubes (total: 15)
[06:35:06] [4/105] How to paint a room...
[06:38:06]   ❌ The read operation timed out
[06:38:06] [5/105] How to fix a running toilet...
[06:38:54]   ✅ 5 cubes (total: 20)
[06:38:54] [6/105] How to remove mold from bathroom...
[06:39:44]   ✅ 5 cubes (total: 25)
[06:39:44] [7/105] How to replace a light switch...
[06:40:24]   ✅ 5 cubes (total: 30)
[06:40:24] [8/105] How to fix a squeaky door...
[06:42:15]   ✅ 5 cubes (total: 35)
[06:42:15] [9/105] How to clean stainless steel...
[06:43:02]   ✅ 5 cubes (total: 40)
[06:43:03] [10/105] How to remove carpet stains...
[06:43:59]   ✅ 5 cubes (total: 45)
[06:43:59] [11/105] How to change a car tire...
[06:44:43]   ✅ 5 cubes (total: 50)
[06:44:43] [12/105] How to jump-start a car...
