[22:23:55] WikiHow Extractor v2.0 — 25 topics
[22:23:55] [1/25] How to Fix a Leaking Faucet...
[22:24:33]   OK 1 cubes (total: 1)
[22:24:34] [2/25] How to Unclog a Kitchen Sink...
[22:25:57]   OK 1 cubes (total: 2)
[22:25:57] [3/25] How to Patch Drywall...
[22:26:23]   OK 1 cubes (total: 3)
[22:26:23] [4/25] How to Paint a Room...
[22:26:46]   OK 1 cubes (total: 4)
[22:26:46] [5/25] How to Fix a Running Toilet...
[22:27:09]   OK 1 cubes (total: 5)
[22:27:09] [6/25] How to Remove Mold from Bathroom...
[22:27:37]   OK 1 cubes (total: 6)
[22:27:38] [7/25] How to Replace a Light Switch...
[22:28:28]   OK 1 cubes (total: 7)
[22:28:28] [8/25] How to Clean Stainless Steel Appliances...
[22:29:01]   OK 1 cubes (total: 8)
[22:29:01] [9/25] How to Remove Carpet Stains...
[22:29:43]   OK 1 cubes (total: 9)
[22:29:44] [10/25] How to Caulk a Bathtub...
[22:30:19]   OK 1 cubes (total: 10)
[22:30:19] [11/25] How to Change a Car Tire...
[22:30:55]   OK 1 cubes (total: 11)
[22:30:55] [12/25] How to Jump-Start a Car...
[22:32:03]   OK 1 cubes (total: 12)
[22:32:04] [13/25] How to Check Engine Oil...
[22:32:43]   OK 1 cubes (total: 13)
[22:32:44] [14/25] How to Replace Windshield Wipers...
[22:33:38]   OK 1 cubes (total: 14)
[22:33:39] [15/25] How to Clean Car Headlights...
[22:34:21]   OK 1 cubes (total: 15)
[22:34:22] [16/25] How to Start Running for Beginners...
[22:34:58]   OK 1 cubes (total: 16)
[22:34:58] [17/25] How to Meditate for Beginners...
[22:35:37]   OK 1 cubes (total: 17)
[22:35:38] [18/25] How to Improve Posture...
[22:36:07]   OK 1 cubes (total: 18)
[22:36:07] [19/25] How to Fall Asleep Faster...
[22:36:43]   OK 1 cubes (total: 19)
[22:36:44] [20/25] How to Perform CPR on an Adult...
[22:37:38]   OK 1 cubes (total: 20)
[22:37:39] [21/25] How to Start Saving Money...
[22:38:34]   OK 1 cubes (total: 21)
[22:38:34] [22/25] How to Build an Emergency Fund...
[22:39:00]   OK 1 cubes (total: 22)
[22:39:01] [23/25] How to Create a Budget...
[22:39:19]   OK 1 cubes (total: 23)
[22:39:19] [24/25] How to Roast a Whole Chicken...
[22:39:47]   OK 1 cubes (total: 24)
[22:39:48] [25/25] How to Make Perfect Scrambled Eggs...
[22:40:12]   Error: Unterminated string starting at: line 49 column 7 (char 1900)
[22:40:13]   Final upload: 24 cubes
[22:40:13] Total cubes in SKV: 1167
[22:40:13] Done! (24/25 successful)
