[22:44:43] 🌙 WikiHow Massive Extractor — 200 topics, Grok-4
[22:44:43] 💾 Autosave every 10 topics
[22:44:43] [200/200] How to Fix a Leaking Faucet...
[22:45:20]   OK 3 cubes (total: 3)
[22:45:21] [201/200] How to Unclog a Kitchen Sink...
[22:45:50] 🌙 WikiHow Massive Extractor — 200 topics, Grok-4
[22:45:50] 💾 Autosave every 10 topics
[22:45:50] [1/200] How to Fix a Leaking Faucet...
[22:46:37]   Error: Unterminated string starting at: line 89 column 7 (char 7111)
[22:46:37] [2/200] How to Unclog a Kitchen Sink...
[22:47:11]   Error: Expecting value: line 166 column 16 (char 6668)
[22:47:11] [3/200] How to Patch Drywall...
[22:47:50]   OK 3 cubes (total: 3)
[22:47:50] [4/200] How to Paint a Room...
[22:48:29]   Error: Unterminated string starting at: line 66 column 32 (char 6359)
[22:48:29] [5/200] How to Fix a Running Toilet...
[22:49:12]   Error: Unterminated string starting at: line 66 column 35 (char 6541)
[22:49:12] [6/200] How to Remove Mold from Bathroom...
[22:49:43]   OK 3 cubes (total: 6)
[22:49:44] [7/200] How to Replace a Light Switch...
[22:50:15]   OK 2 cubes (total: 8)
[22:50:15] [8/200] How to Clean Stainless Steel Appliances...
[22:50:57]   OK 2 cubes (total: 10)
[22:50:57] [9/200] How to Remove Carpet Stains...
[22:51:37]   OK 3 cubes (total: 13)
[22:51:37] [10/200] How to Caulk a Bathtub...
[22:52:12]   Error: Expecting property name enclosed in double quotes: line 156 column 8 (char 6590)
[22:52:12] [11/200] How to Fix a Leaky Window...
[22:52:45]   Error: Unterminated string starting at: line 173 column 7 (char 6840)
[22:52:45] [12/200] How to Insulate an Attic...
[22:53:20]   Error: Expecting value: line 166 column 42 (char 7112)
[22:53:20] [13/200] How to Unclog a Toilet...
[22:53:48]   OK 3 cubes (total: 16)
[22:53:48] [14/200] How to Reset a Circuit Breaker...
[22:54:10]   OK 1 cubes (total: 17)
[22:54:10] [15/200] How to Clean Grout...
[22:54:46]   OK 3 cubes (total: 20)
[22:54:47] [16/200] How to Replace a Shower Head...
[22:55:10]   OK 1 cubes (total: 21)
[22:55:11] [17/200] How to Clean Gutters...
[22:55:54]   OK 2 cubes (total: 23)
[22:55:55] [18/200] How to Fix a Garbage Disposal...
[22:56:36]   Error: Expecting property name enclosed in double quotes: line 68 column 26 (char 6660)
[22:56:36] [19/200] How to Replace a Faucet...
[22:57:14]   OK 3 cubes (total: 26)
[22:57:14] [20/200] How to Fix Low Water Pressure...
[22:57:49]   OK 2 cubes (total: 28)
[22:57:49] [21/200] How to Install a Ceiling Fan...
[22:58:26]   OK 3 cubes (total: 31)
[22:58:26] [22/200] How to Fix a Squeaky Door...
[22:58:59]   OK 2 cubes (total: 33)
[22:58:59] [23/200] How to Iron a Shirt...
[22:59:24]   OK 2 cubes (total: 35)
[22:59:25] [24/200] How to Sew a Button...
[23:02:25]   Error: The read operation timed out
[23:02:25] [25/200] How to Remove Grease Stains...
[23:03:19]   Error: Expecting ',' delimiter: line 164 column 101 (char 6839)
[23:03:19] [26/200] How to Clean a Microwave...
[23:03:59]   OK 2 cubes (total: 37)
[23:03:59] [27/200] How to Descale a Kettle...
[23:04:57]   Error: Unterminated string starting at: line 163 column 17 (char 6600)
[23:04:57] [28/200] How to Organize a Pantry...
[23:06:06]   Error: Unterminated string starting at: line 162 column 7 (char 6931)
[23:06:06] [29/200] How to Declutter a Closet...
[23:07:53]   OK 2 cubes (total: 39)
[23:07:53] [30/200] How to Fix a Leaky Roof...
[23:08:46]   OK 3 cubes (total: 42)
[23:08:47] [31/200] How to Fix a Stuck Window...
[23:09:49]   OK 2 cubes (total: 44)
[23:09:50] [32/200] How to Replace Weatherstripping...
[23:11:20]   OK 2 cubes (total: 46)
[23:11:20] [33/200] How to Fix a Squeaky Floor...
[23:12:06]   Error: Unterminated string starting at: line 154 column 17 (char 6545)
[23:12:06] [34/200] How to Paint Kitchen Cabinets...
[23:12:45]   OK 3 cubes (total: 49)
[23:12:45] [35/200] How to Install a Backsplash...
[23:13:24]   OK 2 cubes (total: 51)
[23:13:25] [36/200] How to Fix a Broken Tile...
[23:14:11]   OK 2 cubes (total: 53)
[23:14:11] [37/200] How to Remove Wallpaper...
[23:14:49]   OK 3 cubes (total: 56)
[23:14:50] [38/200] How to Fix a Leaky Shower...
[23:15:42]   OK 3 cubes (total: 59)
[23:15:43] [39/200] How to Replace a Toilet Seat...
[23:16:09]   OK 1 cubes (total: 60)
[23:16:10] [40/200] How to Fix a Running Toilet Handle...
[23:16:53]   OK 2 cubes (total: 62)
[23:16:54]   Uploaded: 50 cubes
[23:16:54] [41/200] How to Change a Car Tire...
[23:17:33]   OK 2 cubes (total: 14)
[23:17:34] [42/200] How to Jump-Start a Car...
[23:18:11]   OK 2 cubes (total: 16)
[23:18:11] [43/200] How to Check Engine Oil...
[23:18:39]   OK 1 cubes (total: 17)
[23:18:40] [44/200] How to Replace Windshield Wipers...
[23:19:19]   OK 3 cubes (total: 20)
[23:19:19] [45/200] How to Clean Car Headlights...
[23:19:51]   OK 2 cubes (total: 22)
[23:19:52] [46/200] How to Check Tire Pressure...
[23:20:48]   OK 2 cubes (total: 24)
[23:20:49] [47/200] How to Check Brake Pads...
[23:21:10]   OK 1 cubes (total: 25)
[23:21:10] [48/200] How to Clean a Car Interior...
[23:22:01]   Error: Unterminated string starting at: line 87 column 7 (char 7288)
[23:22:01] [49/200] How to Remove Car Scratches...
[23:22:48]   Error: Expecting ':' delimiter: line 31 column 122 (char 2619)
[23:22:48] [50/200] How to Replace a Car Battery...
[23:23:39]   OK 2 cubes (total: 27)
[23:23:40] [51/200] How to Change Spark Plugs...
[23:24:34]   OK 2 cubes (total: 29)
[23:24:34] [52/200] How to Rotate Tires...
[23:26:12]   OK 2 cubes (total: 31)
[23:26:12] [53/200] How to Replace Brake Lights...
[23:26:41]   OK 1 cubes (total: 32)
[23:26:42] [54/200] How to Fix a Flat Tire...
[23:27:28]   OK 3 cubes (total: 35)
[23:27:28] [55/200] How to Detail a Car Exterior...
[23:28:20]   Error: Expecting value: line 166 column 28 (char 6486)
[23:28:20] [56/200] How to Replace Cabin Air Filter...
[23:28:45]   OK 1 cubes (total: 36)
[23:28:46] [57/200] How to Fix a Stuck Car Door...
[23:29:22]   OK 2 cubes (total: 38)
[23:29:22] [58/200] How to Replace a Side Mirror...
[23:30:04]   OK 1 cubes (total: 39)
[23:30:04] [59/200] How to Fix a Cracked Windshield...
[23:31:19]   OK 2 cubes (total: 41)
[23:31:19] [60/200] How to Change Wiper Fluid...
[23:31:46]   OK 1 cubes (total: 42)
[23:31:46] [61/200] How to Start Running for Beginners...
[23:32:36]   Error: Unterminated string starting at: line 156 column 24 (char 6889)
[23:32:36] [62/200] How to Meditate for Beginners...
[23:33:35]   OK 1 cubes (total: 43)
[23:33:35] [63/200] How to Improve Posture...
[23:34:14]   OK 3 cubes (total: 46)
[23:34:15] [64/200] How to Fall Asleep Faster...
[23:34:48]   OK 2 cubes (total: 48)
[23:34:49] [65/200] How to Perform CPR on an Adult...
[23:35:26]   OK 2 cubes (total: 50)
[23:35:26] [66/200] How to Reduce Back Pain...
[23:36:03]   OK 3 cubes (total: 53)
[23:36:04] [67/200] How to Start Intermittent Fasting...
[23:36:39]   OK 2 cubes (total: 55)
[23:36:39] [68/200] How to Do Yoga at Home...
[23:37:27]   Error: Unterminated string starting at: line 152 column 24 (char 6851)
[23:37:27] [69/200] How to Start Weight Training...
[23:38:12]   Error: Expecting value: line 148 column 9 (char 7164)
[23:38:12] [70/200] How to Stretch Properly...
[23:39:08]   Error: Unterminated string starting at: line 82 column 18 (char 6409)
[23:39:08] [71/200] How to Count Calories...
[23:39:51]   OK 2 cubes (total: 57)
[23:39:52] [72/200] How to Meal Plan for Weight Loss...
[23:40:48]   Error: Unterminated string starting at: line 147 column 24 (char 7103)
[23:40:48] [73/200] How to Quit Sugar...
[23:40:50]   Error: Expecting value: line 1 column 1 (char 0)
[23:40:50] [74/200] How to Drink More Water...
[23:40:51]   Error: Expecting value: line 1 column 1 (char 0)
[23:40:51] [75/200] How to Treat a Burn...
[23:40:52]   Error: Expecting value: line 1 column 1 (char 0)
[23:40:52] [76/200] How to Treat a Cut...
[23:42:30]   Error: Expecting value: line 152 column 9 (char 6660)
[23:42:30] [77/200] How to Recognize Stroke Symptoms...
[23:44:05]   OK 2 cubes (total: 59)
[23:44:06] [78/200] How to Help Someone Having a Seizure...
[23:45:40]   OK 3 cubes (total: 62)
[23:45:41] [79/200] How to Use a Foam Roller...
[23:46:54]   OK 3 cubes (total: 65)
[23:46:55] [80/200] How to Fix Flat Feet...
[23:46:56]   Error: Expecting value: line 1 column 1 (char 0)
[23:46:56] [81/200] How to Improve Flexibility...
[23:46:57]   Error: Expecting value: line 1 column 1 (char 0)
[23:46:57] [82/200] How to Build Core Strength...
[23:46:59]   Error: Expecting value: line 1 column 1 (char 0)
[23:46:59] [83/200] How to Prevent Running Injuries...
[23:47:00]   Error: Expecting value: line 1 column 1 (char 0)
[23:47:00] [84/200] How to Choose Running Shoes...
[23:48:10]   Error: Unterminated string starting at: line 165 column 7 (char 6967)
[23:48:10] [85/200] How to Treat Blisters...
[23:49:09]   OK 2 cubes (total: 67)
[23:49:09] [86/200] How to Prevent Dehydration...
[23:50:13]   Error: Unterminated string starting at: line 158 column 9 (char 7175)
[23:50:13] [87/200] How to Recognize Heat Stroke...
[23:50:59]   OK 2 cubes (total: 69)
[23:51:00] [88/200] How to Do a Proper Push-Up...
[23:51:30]   OK 2 cubes (total: 71)
[23:51:31] [89/200] How to Treat a Sprained Ankle...
[23:52:10]   OK 2 cubes (total: 73)
[23:52:11] [90/200] How to Stop a Nosebleed...
[23:52:44]   OK 2 cubes (total: 75)
[23:52:46]   Uploaded: 50 cubes
[23:52:46] [91/200] How to Start Saving Money...
[23:53:23]   Error: Expecting value: line 159 column 23 (char 7095)
[23:53:23] [92/200] How to Build an Emergency Fund...
[23:53:56]   Error: Unterminated string starting at: line 159 column 24 (char 7188)
[23:53:56] [93/200] How to Create a Budget...
[23:54:25]   OK 3 cubes (total: 28)
[23:54:26] [94/200] How to Invest Your First 100 Dollars...
[23:54:58]   Error: Expecting value: line 158 column 23 (char 7027)
[23:54:58] [95/200] How to Improve Credit Score...
[23:55:31]   Error: Unterminated string starting at: line 151 column 17 (char 6938)
[23:55:31] [96/200] How to Negotiate Salary...
[23:56:01]   Error: Unterminated string starting at: line 159 column 7 (char 7282)
[23:56:01] [97/200] How to Write a Resume...
[23:56:35]   Error: Unterminated string starting at: line 64 column 36 (char 6730)
[23:56:35] [98/200] How to Prepare for a Job Interview...
[23:57:08]   Error: Unterminated string starting at: line 163 column 24 (char 7197)
[23:57:08] [99/200] How to Give Constructive Feedback...
[23:57:26]   OK 1 cubes (total: 29)
[23:57:27] [100/200] How to Ask for a Promotion...
[23:58:06]   Error: Unterminated string starting at: line 162 column 7 (char 7368)
[23:58:06] [101/200] How to Network Effectively...
[23:58:38]   Error: Unterminated string starting at: line 167 column 17 (char 6971)
[23:58:38] [102/200] How to Write a Cover Letter...
[23:59:09]   Error: Unterminated string starting at: line 158 column 17 (char 7006)
[23:59:09] [103/200] How to Follow Up After an Interview...
[23:59:37]   OK 2 cubes (total: 31)
[23:59:37] [104/200] How to Negotiate Benefits...
[00:00:14]   Error: Unterminated string starting at: line 77 column 7 (char 7176)
[00:00:14] [105/200] How to File Taxes as Freelancer...
[00:00:48]   Error: Unterminated string starting at: line 146 column 24 (char 7145)
[00:00:48] [106/200] How to Avoid Investment Scams...
[00:01:18]   OK 2 cubes (total: 33)
[00:01:19] [107/200] How to Start a Side Hustle...
[00:01:56]   Error: Expecting value: line 70 column 32 (char 6830)
[00:01:56] [108/200] How to Price Freelance Work...
[00:02:33]   Error: Unterminated string starting at: line 158 column 9 (char 7342)
[00:02:33] [109/200] How to Build a Portfolio...
[00:03:12]   Error: Unterminated string starting at: line 81 column 18 (char 6955)
[00:03:12] [110/200] How to Use LinkedIn for Jobs...
[00:03:49]   Error: Unterminated string starting at: line 155 column 17 (char 7128)
[00:03:49] [111/200] How to Deal with Difficult Coworkers...
[00:04:28]   Error: Unterminated string starting at: line 154 column 24 (char 7476)
[00:04:28] [112/200] How to Manage Stress at Work...
[00:05:08]   Error: Unterminated string starting at: line 80 column 18 (char 6767)
[00:05:08] [113/200] How to Work from Home Productively...
[00:05:43]   Error: Expecting value: line 150 column 16 (char 7138)
[00:05:43] [114/200] How to Avoid Burnout...
[00:06:23]   Error: Expecting value: line 166 column 23 (char 7025)
[00:06:23] [115/200] How to Prepare for a Performance Review...
[00:07:01]   OK 2 cubes (total: 35)
[00:07:02] [116/200] How to Roast a Whole Chicken...
[00:07:35]   OK 2 cubes (total: 37)
[00:07:35] [117/200] How to Make Perfect Scrambled Eggs...
[00:08:18]   OK 2 cubes (total: 39)
[00:08:18] [118/200] How to Meal Prep for a Week...
[00:09:04]   Error: Unterminated string starting at: line 157 column 17 (char 6768)
[00:09:04] [119/200] How to Sharpen a Kitchen Knife...
[00:10:14]   Error: Expecting value: line 174 column 38 (char 6441)
[00:10:14] [120/200] How to Boil an Egg...
[00:10:47]   OK 2 cubes (total: 41)
[00:10:47] [121/200] How to Make Coffee Without a Machine...
[00:11:30]   Error: Unterminated string starting at: line 175 column 17 (char 6403)
[00:11:30] [122/200] How to Store Fresh Herbs...
[00:12:09]   Error: Unterminated string starting at: line 163 column 24 (char 6703)
[00:12:09] [123/200] How to Freeze Vegetables...
[00:12:52]   Error: Unterminated string starting at: line 156 column 24 (char 7031)
[00:12:52] [124/200] How to Make Homemade Pizza...
[00:13:47]   Error: Unterminated string starting at: line 147 column 24 (char 6681)
[00:13:47] [125/200] How to Bake Bread...
[00:14:27]   OK 3 cubes (total: 44)
[00:14:28] [126/200] How to Make Soup from Scratch...
[00:15:14]   OK 3 cubes (total: 47)
[00:15:14] [127/200] How to Brew Beer at Home...
[00:16:05]   Error: Unterminated string starting at: line 97 column 5 (char 7031)
[00:16:05] [128/200] How to Make Jam...
[00:16:45]   OK 2 cubes (total: 49)
[00:16:46] [129/200] How to Can Vegetables...
[00:17:25]   OK 3 cubes (total: 52)
[00:17:26] [130/200] How to Cook Perfect Pasta...
[00:18:14]   OK 3 cubes (total: 55)
[00:18:16]   Uploaded: 50 cubes
[00:18:16] [131/200] How to Make a Smoothie...
[00:19:01]   OK 2 cubes (total: 7)
[00:19:01] [132/200] How to Cook Rice Perfectly...
[00:19:47]   Error: Expecting value: line 164 column 9 (char 6600)
[00:19:47] [133/200] How to Fry an Egg...
[00:20:24]   OK 2 cubes (total: 9)
[00:20:25] [134/200] How to Make Pancakes...
[00:20:36]   Error: HTTP Error 500: Internal Server Error
[00:20:36] [135/200] How to Bake Cookies...
[00:20:46]   Error: HTTP Error 500: Internal Server Error
[00:20:46] [136/200] How to Create a Strong Password...
[00:21:26]   OK 2 cubes (total: 11)
[00:21:26] [137/200] How to Set Up Two-Factor Authentication...
[00:22:40]   OK 3 cubes (total: 14)
[00:22:41] [138/200] How to Spot Phishing Emails...
[00:23:19]   OK 2 cubes (total: 16)
[00:23:20] [139/200] How to Clean a Laptop Screen...
[00:23:47]   OK 1 cubes (total: 17)
[00:23:48] [140/200] How to Speed Up a Windows PC...
[00:24:31]   OK 3 cubes (total: 20)
[00:24:32] [141/200] How to Extend Phone Battery Life...
[00:25:19]   OK 3 cubes (total: 23)
[00:25:20] [142/200] How to Secure Home WiFi...
[00:26:10]   OK 2 cubes (total: 25)
[00:26:10] [143/200] How to Use a VPN...
[00:26:54]   OK 3 cubes (total: 28)
[00:26:54] [144/200] How to Back Up Photos...
[00:27:35]   OK 3 cubes (total: 31)
[00:27:36] [145/200] How to Edit a PDF...
[00:28:11]   OK 3 cubes (total: 34)
[00:28:11] [146/200] How to Compress Images...
[00:28:53]   OK 3 cubes (total: 37)
[00:28:54] [147/200] How to Factory Reset a Phone...
[00:29:23]   OK 2 cubes (total: 39)
[00:29:24] [148/200] How to Transfer Data to a New Phone...
[00:30:15]   Error: Unterminated string starting at: line 101 column 7 (char 7056)
[00:30:15] [149/200] How to Clean a Mechanical Keyboard...
[00:30:45]   OK 2 cubes (total: 41)
[00:30:45] [150/200] How to Set Up a Home Office Network...
[00:31:37]   OK 3 cubes (total: 44)
[00:31:37] [151/200] How to Block Spam Calls...
[00:32:22]   Error: Expecting value: line 73 column 39 (char 6702)
[00:32:22] [152/200] How to Use Google Calendar Effectively...
[00:32:58]   OK 3 cubes (total: 47)
[00:32:59] [153/200] How to Organize Email Inbox...
[00:33:45]   OK 2 cubes (total: 49)
[00:33:45] [154/200] How to Do a Digital Detox...
[00:34:17]   OK 2 cubes (total: 51)
[00:34:17] [155/200] How to Learn Touch Typing...
[00:34:55]   OK 3 cubes (total: 54)
[00:34:56] [156/200] How to Pack for a Trip...
[00:35:39]   Error: Unterminated string starting at: line 167 column 24 (char 7297)
[00:35:39] [157/200] How to Travel on a Budget...
[00:36:21]   Error: Expecting ',' delimiter: line 80 column 346 (char 6865)
[00:36:21] [158/200] How to Find Cheap Flights...
[00:36:56]   OK 2 cubes (total: 56)
[00:36:57] [159/200] How to Avoid Jet Lag...
[00:37:46]   Error: Unterminated string starting at: line 81 column 18 (char 7225)
[00:37:46] [160/200] How to Pack a Carry-On Only...
[00:38:24]   OK 2 cubes (total: 58)
[00:38:26]   Uploaded: 50 cubes
[00:38:26] [161/200] How to Stay Safe While Traveling Alone...
[00:39:10]   OK 3 cubes (total: 11)
[00:39:11] [162/200] How to Exchange Currency...
[00:39:44]   OK 2 cubes (total: 13)
[00:39:44] [163/200] How to Use Public Transport Abroad...
[00:40:28]   OK 3 cubes (total: 16)
[00:40:29] [164/200] How to Order Food in a Foreign Language...
[00:41:16]   OK 3 cubes (total: 19)
[00:41:16] [165/200] How to Ask for Directions...
[00:42:04]   OK 2 cubes (total: 21)
[00:42:05] [166/200] How to Haggle at a Market...
[00:42:52]   OK 2 cubes (total: 23)
[00:42:52] [167/200] How to Tip in Different Countries...
[00:43:34]   Error: Unterminated string starting at: line 69 column 16 (char 6231)
[00:43:34] [168/200] How to Rent an Apartment Abroad...
[00:44:13]   Error: Unterminated string starting at: line 159 column 24 (char 7362)
[00:44:13] [169/200] How to Buy a Used Car...
[00:44:55]   Error: Unterminated string starting at: line 155 column 9 (char 7159)
[00:44:55] [170/200] How to Read a Contract...
[00:45:40]   OK 3 cubes (total: 26)
[00:45:41] [171/200] How to Overcome Procrastination...
[00:46:23]   Error: Unterminated string starting at: line 167 column 7 (char 7278)
[00:46:23] [172/200] How to Build a Morning Routine...
[00:46:53]   OK 2 cubes (total: 28)
[00:46:53] [173/200] How to Focus Deeply...
[00:47:30]   Error: Unterminated string starting at: line 150 column 24 (char 6992)
[00:47:30] [174/200] How to Learn a Foreign Language...
[00:48:15]   Error: Expecting property name enclosed in double quotes: line 166 column 27 (char 7384
[00:48:15] [175/200] How to Read a Book Per Week...
[00:49:06]   Error: Unterminated string starting at: line 155 column 17 (char 6806)
[00:49:06] [176/200] How to Start Journaling...
[00:50:02]   OK 3 cubes (total: 31)
[00:50:03] [177/200] How to Practice Gratitude...
[00:50:45]   OK 3 cubes (total: 34)
[00:50:45] [178/200] How to Set SMART Goals...
[00:51:38]   OK 2 cubes (total: 36)
[00:51:39] [179/200] How to Use a Planner Effectively...
[00:52:19]   OK 3 cubes (total: 39)
[00:52:19] [180/200] How to Overcome Fear of Public Speaking...
[00:53:00]   OK 2 cubes (total: 41)
[00:53:00] [181/200] How to Make Small Talk...
[00:53:45]   OK 3 cubes (total: 44)
[00:53:46] [182/200] How to Apologize Sincerely...
[00:54:42]   OK 2 cubes (total: 46)
[00:54:42] [183/200] How to Set Boundaries...
[00:55:30]   Error: Unterminated string starting at: line 78 column 7 (char 7078)
[00:55:30] [184/200] How to Make Friends as an Adult...
[00:56:22]   Error: Unterminated string starting at: line 174 column 7 (char 7331)
[00:56:22] [185/200] How to Plan a Date...
[00:57:12]   OK 3 cubes (total: 49)
[00:57:12] [186/200] How to Write a Wedding Speech...
[00:57:51]   OK 2 cubes (total: 51)
[00:57:51] [187/200] How to Support a Grieving Friend...
[00:58:32]   OK 3 cubes (total: 54)
[00:58:32] [188/200] How to Donate to Charity Effectively...
[00:59:22]   Error: Unterminated string starting at: line 162 column 7 (char 7395)
[00:59:22] [189/200] How to Start Volunteering...
[01:00:00]   OK 3 cubes (total: 57)
[01:00:00] [190/200] How to Reduce Plastic Use...
[01:00:45]   OK 3 cubes (total: 60)
[01:00:47]   Uploaded: 50 cubes
[01:00:47] [191/200] How to Save Electricity at Home...
[01:01:31]   OK 3 cubes (total: 13)
[01:01:32] [192/200] How to Recycle Properly...
[01:02:15]   Error: Expecting value: line 173 column 24 (char 7175)
[01:02:15] [193/200] How to Start Composting...
[01:03:42]   Error: Expecting property name enclosed in double quotes: line 158 column 8 (char 6653)
[01:03:42] [194/200] How to Grow Vegetables at Home...
[01:04:37]   Error: Unterminated string starting at: line 172 column 7 (char 6931)
[01:04:37] [195/200] How to Care for Succulents...
[01:05:33]   Error: Unterminated string starting at: line 63 column 35 (char 6325)
[01:05:33] [196/200] How to Repot a Plant...
[01:06:18]   OK 1 cubes (total: 14)
[01:06:19] [197/200] How to Grow Herbs Indoors...
[01:07:30]   OK 3 cubes (total: 17)
[01:07:30] [198/200] How to Fix a Bicycle Chain...
[01:09:34]   OK 3 cubes (total: 20)
[01:09:35] [199/200] How to Change a Bike Tire...
[01:10:27]   OK 2 cubes (total: 22)
[01:10:27] [200/200] How to Build a Campfire Safely...
[01:11:12]   OK 2 cubes (total: 24)
[01:11:13]   Final upload: 24 cubes
[01:11:13] Total cubes in SKV: 1172
[01:11:13] Done! (120/200 successful)
